{"/Users/larisadragea/Downloads/wellsync_work-3/backend/src/db.js": {"path":"/Users/larisadragea/Downloads/wellsync_work-3/backend/src/db.js","statementMap":{"0":{"start":{"line":4,"column":15},"end":{"line":4,"column":33}}},"fnMap":{},"branchMap":{},"s":{"0":3},"f":{},"b":{},"inputSourceMap":null,"_coverageSchema":"1a1c01bbd47fc00a2c39e90264f33305004495a9","hash":"b93ef48ec838b3000fa9e5fe698315e2a190d0e8"}
,"/Users/larisadragea/Downloads/wellsync_work-3/backend/src/index.js": {"path":"/Users/larisadragea/Downloads/wellsync_work-3/backend/src/index.js","statementMap":{"0":{"start":{"line":16,"column":18},"end":{"line":16,"column":57}},"1":{"start":{"line":18,"column":13},"end":{"line":18,"column":22}},"2":{"start":{"line":19,"column":13},"end":{"line":19,"column":37}},"3":{"start":{"line":22,"column":18},"end":{"line":22,"column":45}},"4":{"start":{"line":23,"column":18},"end":{"line":23,"column":46}},"5":{"start":{"line":24,"column":18},"end":{"line":24,"column":46}},"6":{"start":{"line":27,"column":15},"end":{"line":27,"column":21}},"7":{"start":{"line":29,"column":0},"end":{"line":46,"column":1}},"8":{"start":{"line":30,"column":2},"end":{"line":41,"column":3}},"9":{"start":{"line":31,"column":24},"end":{"line":34,"column":5}},"10":{"start":{"line":35,"column":4},"end":{"line":35,"column":49}},"11":{"start":{"line":36,"column":4},"end":{"line":36,"column":23}},"12":{"start":{"line":37,"column":4},"end":{"line":37,"column":62}},"13":{"start":{"line":39,"column":4},"end":{"line":39,"column":85}},"14":{"start":{"line":40,"column":4},"end":{"line":40,"column":35}},"15":{"start":{"line":43,"column":2},"end":{"line":43,"column":68}},"16":{"start":{"line":44,"column":2},"end":{"line":44,"column":84}},"17":{"start":{"line":45,"column":2},"end":{"line":45,"column":33}},"18":{"start":{"line":49,"column":20},"end":{"line":56,"column":3}},"19":{"start":{"line":58,"column":0},"end":{"line":60,"column":65}},"20":{"start":{"line":59,"column":14},"end":{"line":59,"column":60}},"21":{"start":{"line":60,"column":16},"end":{"line":60,"column":63}},"22":{"start":{"line":63,"column":0},"end":{"line":67,"column":4}},"23":{"start":{"line":68,"column":0},"end":{"line":68,"column":24}},"24":{"start":{"line":71,"column":0},"end":{"line":73,"column":3}},"25":{"start":{"line":72,"column":2},"end":{"line":72,"column":76}},"26":{"start":{"line":75,"column":0},"end":{"line":75,"column":38}},"27":{"start":{"line":76,"column":0},"end":{"line":76,"column":42}},"28":{"start":{"line":77,"column":0},"end":{"line":77,"column":38}},"29":{"start":{"line":79,"column":0},"end":{"line":81,"column":3}},"30":{"start":{"line":80,"column":2},"end":{"line":80,"column":79}},"31":{"start":{"line":83,"column":0},"end":{"line":86,"column":3}},"32":{"start":{"line":84,"column":2},"end":{"line":84,"column":27}},"33":{"start":{"line":85,"column":2},"end":{"line":85,"column":59}},"34":{"start":{"line":89,"column":11},"end":{"line":91,"column":2}},"35":{"start":{"line":93,"column":0},"end":{"line":149,"column":3}},"36":{"start":{"line":94,"column":24},"end":{"line":94,"column":56}},"37":{"start":{"line":95,"column":24},"end":{"line":95,"column":47}},"38":{"start":{"line":96,"column":24},"end":{"line":96,"column":55}},"39":{"start":{"line":97,"column":24},"end":{"line":97,"column":91}},"40":{"start":{"line":98,"column":24},"end":{"line":98,"column":81}},"41":{"start":{"line":100,"column":2},"end":{"line":100,"column":46}},"42":{"start":{"line":102,"column":2},"end":{"line":117,"column":3}},"43":{"start":{"line":103,"column":20},"end":{"line":106,"column":13}},"44":{"start":{"line":107,"column":4},"end":{"line":114,"column":9}},"45":{"start":{"line":107,"column":60},"end":{"line":114,"column":5}},"46":{"start":{"line":116,"column":4},"end":{"line":116,"column":61}},"47":{"start":{"line":119,"column":2},"end":{"line":122,"column":5}},"48":{"start":{"line":124,"column":2},"end":{"line":140,"column":5}},"49":{"start":{"line":125,"column":4},"end":{"line":125,"column":66}},"50":{"start":{"line":125,"column":59},"end":{"line":125,"column":66}},"51":{"start":{"line":126,"column":20},"end":{"line":133,"column":5}},"52":{"start":{"line":134,"column":4},"end":{"line":138,"column":5}},"53":{"start":{"line":135,"column":6},"end":{"line":135,"column":40}},"54":{"start":{"line":137,"column":6},"end":{"line":137,"column":64}},"55":{"start":{"line":139,"column":4},"end":{"line":139,"column":37}},"56":{"start":{"line":142,"column":2},"end":{"line":148,"column":5}},"57":{"start":{"line":143,"column":4},"end":{"line":143,"column":51}},"58":{"start":{"line":144,"column":4},"end":{"line":147,"column":7}},"59":{"start":{"line":152,"column":0},"end":{"line":159,"column":3}},"60":{"start":{"line":153,"column":2},"end":{"line":153,"column":75}},"61":{"start":{"line":154,"column":2},"end":{"line":154,"column":74}},"62":{"start":{"line":155,"column":2},"end":{"line":155,"column":78}},"63":{"start":{"line":156,"column":2},"end":{"line":156,"column":77}},"64":{"start":{"line":157,"column":2},"end":{"line":157,"column":72}},"65":{"start":{"line":158,"column":2},"end":{"line":158,"column":78}}},"fnMap":{"0":{"name":"(anonymous_0)","decl":{"start":{"line":59,"column":8},"end":{"line":59,"column":9}},"loc":{"start":{"line":59,"column":14},"end":{"line":59,"column":60}},"line":59},"1":{"name":"(anonymous_1)","decl":{"start":{"line":60,"column":9},"end":{"line":60,"column":10}},"loc":{"start":{"line":60,"column":16},"end":{"line":60,"column":63}},"line":60},"2":{"name":"(anonymous_2)","decl":{"start":{"line":71,"column":23},"end":{"line":71,"column":24}},"loc":{"start":{"line":71,"column":37},"end":{"line":73,"column":1}},"line":71},"3":{"name":"(anonymous_3)","decl":{"start":{"line":79,"column":8},"end":{"line":79,"column":9}},"loc":{"start":{"line":79,"column":22},"end":{"line":81,"column":1}},"line":79},"4":{"name":"(anonymous_4)","decl":{"start":{"line":83,"column":8},"end":{"line":83,"column":9}},"loc":{"start":{"line":83,"column":33},"end":{"line":86,"column":1}},"line":83},"5":{"name":"(anonymous_5)","decl":{"start":{"line":93,"column":20},"end":{"line":93,"column":21}},"loc":{"start":{"line":93,"column":38},"end":{"line":149,"column":1}},"line":93},"6":{"name":"(anonymous_6)","decl":{"start":{"line":107,"column":54},"end":{"line":107,"column":55}},"loc":{"start":{"line":107,"column":60},"end":{"line":114,"column":5}},"line":107},"7":{"name":"(anonymous_7)","decl":{"start":{"line":124,"column":25},"end":{"line":124,"column":26}},"loc":{"start":{"line":124,"column":41},"end":{"line":140,"column":3}},"line":124},"8":{"name":"(anonymous_8)","decl":{"start":{"line":142,"column":26},"end":{"line":142,"column":27}},"loc":{"start":{"line":142,"column":32},"end":{"line":148,"column":3}},"line":142},"9":{"name":"(anonymous_9)","decl":{"start":{"line":152,"column":31},"end":{"line":152,"column":32}},"loc":{"start":{"line":152,"column":37},"end":{"line":159,"column":1}},"line":152}},"branchMap":{"0":{"loc":{"start":{"line":19,"column":13},"end":{"line":19,"column":37}},"type":"binary-expr","locations":[{"start":{"line":19,"column":13},"end":{"line":19,"column":29}},{"start":{"line":19,"column":33},"end":{"line":19,"column":37}}],"line":19},"1":{"loc":{"start":{"line":29,"column":0},"end":{"line":46,"column":1}},"type":"if","locations":[{"start":{"line":29,"column":0},"end":{"line":46,"column":1}},{"start":{"line":42,"column":7},"end":{"line":46,"column":1}}],"line":29},"2":{"loc":{"start":{"line":29,"column":4},"end":{"line":29,"column":49}},"type":"binary-expr","locations":[{"start":{"line":29,"column":4},"end":{"line":29,"column":24}},{"start":{"line":29,"column":28},"end":{"line":29,"column":49}}],"line":29},"3":{"loc":{"start":{"line":97,"column":24},"end":{"line":97,"column":91}},"type":"binary-expr","locations":[{"start":{"line":97,"column":24},"end":{"line":97,"column":41}},{"start":{"line":97,"column":45},"end":{"line":97,"column":59}},{"start":{"line":97,"column":63},"end":{"line":97,"column":76}},{"start":{"line":97,"column":80},"end":{"line":97,"column":91}}],"line":97},"4":{"loc":{"start":{"line":98,"column":24},"end":{"line":98,"column":81}},"type":"binary-expr","locations":[{"start":{"line":98,"column":24},"end":{"line":98,"column":40}},{"start":{"line":98,"column":44},"end":{"line":98,"column":71}},{"start":{"line":98,"column":75},"end":{"line":98,"column":81}}],"line":98},"5":{"loc":{"start":{"line":125,"column":4},"end":{"line":125,"column":66}},"type":"if","locations":[{"start":{"line":125,"column":4},"end":{"line":125,"column":66}},{"start":{},"end":{}}],"line":125},"6":{"loc":{"start":{"line":125,"column":8},"end":{"line":125,"column":57}},"type":"binary-expr","locations":[{"start":{"line":125,"column":8},"end":{"line":125,"column":13}},{"start":{"line":125,"column":17},"end":{"line":125,"column":41}},{"start":{"line":125,"column":45},"end":{"line":125,"column":57}}],"line":125},"7":{"loc":{"start":{"line":128,"column":17},"end":{"line":128,"column":40}},"type":"binary-expr","locations":[{"start":{"line":128,"column":17},"end":{"line":128,"column":32}},{"start":{"line":128,"column":36},"end":{"line":128,"column":40}}],"line":128}},"s":{"0":3,"1":3,"2":3,"3":3,"4":3,"5":3,"6":3,"7":3,"8":3,"9":3,"10":3,"11":3,"12":3,"13":0,"14":0,"15":0,"16":0,"17":0,"18":3,"19":3,"20":0,"21":0,"22":3,"23":3,"24":3,"25":1,"26":3,"27":3,"28":3,"29":3,"30":0,"31":3,"32":0,"33":0,"34":3,"35":3,"36":0,"37":0,"38":0,"39":0,"40":0,"41":0,"42":0,"43":0,"44":0,"45":0,"46":0,"47":0,"48":0,"49":0,"50":0,"51":0,"52":0,"53":0,"54":0,"55":0,"56":0,"57":0,"58":0,"59":3,"60":1,"61":1,"62":1,"63":1,"64":1,"65":1},"f":{"0":0,"1":0,"2":1,"3":0,"4":0,"5":0,"6":0,"7":0,"8":0,"9":1},"b":{"0":[3,0],"1":[3,0],"2":[3,3],"3":[0,0,0,0],"4":[0,0,0],"5":[0,0],"6":[0,0,0],"7":[0,0]},"inputSourceMap":null,"_coverageSchema":"1a1c01bbd47fc00a2c39e90264f33305004495a9","hash":"b6f7da17fc4b5216e636d60bd80f6ae1f7f18157"}
,"/Users/larisadragea/Downloads/wellsync_work-3/backend/src/controllers/authController.js": {"path":"/Users/larisadragea/Downloads/wellsync_work-3/backend/src/controllers/authController.js","statementMap":{"0":{"start":{"line":10,"column":19},"end":{"line":10,"column":81}},"1":{"start":{"line":13,"column":2},"end":{"line":13,"column":61}},"2":{"start":{"line":18,"column":2},"end":{"line":74,"column":3}},"3":{"start":{"line":19,"column":32},"end":{"line":19,"column":40}},"4":{"start":{"line":21,"column":17},"end":{"line":27,"column":6}},"5":{"start":{"line":29,"column":4},"end":{"line":32,"column":5}},"6":{"start":{"line":30,"column":6},"end":{"line":30,"column":92}},"7":{"start":{"line":31,"column":6},"end":{"line":31,"column":74}},"8":{"start":{"line":34,"column":17},"end":{"line":34,"column":39}},"9":{"start":{"line":35,"column":4},"end":{"line":38,"column":5}},"10":{"start":{"line":36,"column":6},"end":{"line":36,"column":80}},"11":{"start":{"line":37,"column":6},"end":{"line":37,"column":74}},"12":{"start":{"line":40,"column":22},"end":{"line":40,"column":41}},"13":{"start":{"line":41,"column":24},"end":{"line":50,"column":5}},"14":{"start":{"line":48,"column":51},"end":{"line":48,"column":69}},"15":{"start":{"line":51,"column":4},"end":{"line":51,"column":41}},"16":{"start":{"line":54,"column":18},"end":{"line":54,"column":42}},"17":{"start":{"line":56,"column":4},"end":{"line":56,"column":30}},"18":{"start":{"line":57,"column":4},"end":{"line":57,"column":45}},"19":{"start":{"line":59,"column":4},"end":{"line":70,"column":7}},"20":{"start":{"line":72,"column":4},"end":{"line":72,"column":23}},"21":{"start":{"line":73,"column":4},"end":{"line":73,"column":68}},"22":{"start":{"line":79,"column":20},"end":{"line":79,"column":47}},"23":{"start":{"line":80,"column":2},"end":{"line":83,"column":3}},"24":{"start":{"line":81,"column":4},"end":{"line":81,"column":39}},"25":{"start":{"line":82,"column":4},"end":{"line":82,"column":31}},"26":{"start":{"line":84,"column":2},"end":{"line":84,"column":58}},"27":{"start":{"line":89,"column":2},"end":{"line":123,"column":3}},"28":{"start":{"line":90,"column":54},"end":{"line":90,"column":62}},"29":{"start":{"line":92,"column":21},"end":{"line":92,"column":92}},"30":{"start":{"line":93,"column":4},"end":{"line":93,"column":85}},"31":{"start":{"line":93,"column":18},"end":{"line":93,"column":85}},"32":{"start":{"line":95,"column":21},"end":{"line":95,"column":78}},"33":{"start":{"line":96,"column":17},"end":{"line":98,"column":12}},"34":{"start":{"line":100,"column":17},"end":{"line":109,"column":6}},"35":{"start":{"line":111,"column":4},"end":{"line":111,"column":48}},"36":{"start":{"line":113,"column":4},"end":{"line":119,"column":7}},"37":{"start":{"line":121,"column":4},"end":{"line":121,"column":23}},"38":{"start":{"line":122,"column":4},"end":{"line":122,"column":68}},"39":{"start":{"line":128,"column":2},"end":{"line":128,"column":31}},"40":{"start":{"line":135,"column":2},"end":{"line":189,"column":3}},"41":{"start":{"line":136,"column":22},"end":{"line":136,"column":30}},"42":{"start":{"line":137,"column":17},"end":{"line":137,"column":88}},"43":{"start":{"line":140,"column":4},"end":{"line":142,"column":5}},"44":{"start":{"line":141,"column":6},"end":{"line":141,"column":83}},"45":{"start":{"line":145,"column":4},"end":{"line":148,"column":7}},"46":{"start":{"line":151,"column":21},"end":{"line":151,"column":52}},"47":{"start":{"line":152,"column":22},"end":{"line":152,"column":59}},"48":{"start":{"line":154,"column":4},"end":{"line":156,"column":7}},"49":{"start":{"line":158,"column":4},"end":{"line":158,"column":62}},"50":{"start":{"line":162,"column":21},"end":{"line":162,"column":111}},"51":{"start":{"line":164,"column":4},"end":{"line":178,"column":5}},"52":{"start":{"line":165,"column":25},"end":{"line":165,"column":51}},"53":{"start":{"line":166,"column":26},"end":{"line":170,"column":8}},"54":{"start":{"line":171,"column":6},"end":{"line":176,"column":9}},"55":{"start":{"line":177,"column":6},"end":{"line":177,"column":83}},"56":{"start":{"line":181,"column":4},"end":{"line":185,"column":7}},"57":{"start":{"line":187,"column":4},"end":{"line":187,"column":23}},"58":{"start":{"line":188,"column":4},"end":{"line":188,"column":68}},"59":{"start":{"line":194,"column":2},"end":{"line":225,"column":3}},"60":{"start":{"line":195,"column":35},"end":{"line":195,"column":43}},"61":{"start":{"line":196,"column":4},"end":{"line":198,"column":5}},"62":{"start":{"line":197,"column":6},"end":{"line":197,"column":94}},"63":{"start":{"line":200,"column":23},"end":{"line":200,"column":87}},"64":{"start":{"line":201,"column":4},"end":{"line":203,"column":5}},"65":{"start":{"line":202,"column":6},"end":{"line":202,"column":79}},"66":{"start":{"line":205,"column":4},"end":{"line":208,"column":7}},"67":{"start":{"line":210,"column":4},"end":{"line":213,"column":7}},"68":{"start":{"line":216,"column":4},"end":{"line":218,"column":5}},"69":{"start":{"line":217,"column":6},"end":{"line":217,"column":69}},"70":{"start":{"line":217,"column":48},"end":{"line":217,"column":69}},"71":{"start":{"line":220,"column":4},"end":{"line":220,"column":82}},"72":{"start":{"line":221,"column":4},"end":{"line":221,"column":85}},"73":{"start":{"line":223,"column":4},"end":{"line":223,"column":23}},"74":{"start":{"line":224,"column":4},"end":{"line":224,"column":68}},"75":{"start":{"line":231,"column":22},"end":{"line":231,"column":50}},"76":{"start":{"line":232,"column":22},"end":{"line":232,"column":106}},"77":{"start":{"line":234,"column":2},"end":{"line":236,"column":3}},"78":{"start":{"line":235,"column":4},"end":{"line":235,"column":105}},"79":{"start":{"line":238,"column":17},"end":{"line":238,"column":59}},"80":{"start":{"line":239,"column":17},"end":{"line":239,"column":48}},"81":{"start":{"line":240,"column":18},"end":{"line":240,"column":183}},"82":{"start":{"line":242,"column":2},"end":{"line":242,"column":24}},"83":{"start":{"line":247,"column":2},"end":{"line":337,"column":3}},"84":{"start":{"line":248,"column":21},"end":{"line":248,"column":30}},"85":{"start":{"line":249,"column":25},"end":{"line":249,"column":53}},"86":{"start":{"line":250,"column":25},"end":{"line":250,"column":57}},"87":{"start":{"line":251,"column":25},"end":{"line":251,"column":109}},"88":{"start":{"line":252,"column":25},"end":{"line":252,"column":77}},"89":{"start":{"line":254,"column":4},"end":{"line":256,"column":5}},"90":{"start":{"line":255,"column":6},"end":{"line":255,"column":76}},"91":{"start":{"line":259,"column":21},"end":{"line":263,"column":6}},"92":{"start":{"line":264,"column":22},"end":{"line":264,"column":43}},"93":{"start":{"line":265,"column":4},"end":{"line":267,"column":5}},"94":{"start":{"line":266,"column":6},"end":{"line":266,"column":70}},"95":{"start":{"line":270,"column":24},"end":{"line":272,"column":6}},"96":{"start":{"line":273,"column":23},"end":{"line":273,"column":47}},"97":{"start":{"line":274,"column":55},"end":{"line":274,"column":65}},"98":{"start":{"line":277,"column":23},"end":{"line":279,"column":6}},"99":{"start":{"line":282,"column":4},"end":{"line":307,"column":5}},"100":{"start":{"line":283,"column":6},"end":{"line":286,"column":9}},"101":{"start":{"line":289,"column":23},"end":{"line":289,"column":80}},"102":{"start":{"line":290,"column":27},"end":{"line":290,"column":98}},"103":{"start":{"line":292,"column":6},"end":{"line":302,"column":7}},"104":{"start":{"line":293,"column":8},"end":{"line":296,"column":11}},"105":{"start":{"line":298,"column":8},"end":{"line":301,"column":11}},"106":{"start":{"line":304,"column":6},"end":{"line":306,"column":9}},"107":{"start":{"line":309,"column":4},"end":{"line":311,"column":5}},"108":{"start":{"line":310,"column":6},"end":{"line":310,"column":73}},"109":{"start":{"line":314,"column":22},"end":{"line":314,"column":41}},"110":{"start":{"line":315,"column":24},"end":{"line":325,"column":5}},"111":{"start":{"line":322,"column":52},"end":{"line":322,"column":70}},"112":{"start":{"line":326,"column":4},"end":{"line":326,"column":41}},"113":{"start":{"line":327,"column":18},"end":{"line":327,"column":42}},"114":{"start":{"line":329,"column":4},"end":{"line":329,"column":52}},"115":{"start":{"line":332,"column":4},"end":{"line":332,"column":111}},"116":{"start":{"line":334,"column":4},"end":{"line":334,"column":41}},"117":{"start":{"line":335,"column":24},"end":{"line":335,"column":76}},"118":{"start":{"line":336,"column":4},"end":{"line":336,"column":61}},"119":{"start":{"line":343,"column":2},"end":{"line":361,"column":3}},"120":{"start":{"line":344,"column":22},"end":{"line":344,"column":72}},"121":{"start":{"line":345,"column":4},"end":{"line":347,"column":5}},"122":{"start":{"line":346,"column":6},"end":{"line":346,"column":75}},"123":{"start":{"line":349,"column":20},"end":{"line":349,"column":43}},"124":{"start":{"line":350,"column":4},"end":{"line":353,"column":5}},"125":{"start":{"line":351,"column":6},"end":{"line":351,"column":33}},"126":{"start":{"line":352,"column":6},"end":{"line":352,"column":82}},"127":{"start":{"line":355,"column":4},"end":{"line":355,"column":38}},"128":{"start":{"line":356,"column":21},"end":{"line":356,"column":41}},"129":{"start":{"line":357,"column":4},"end":{"line":357,"column":41}},"130":{"start":{"line":359,"column":4},"end":{"line":359,"column":23}},"131":{"start":{"line":360,"column":4},"end":{"line":360,"column":68}}},"fnMap":{"0":{"name":"hashPassword","decl":{"start":{"line":12,"column":9},"end":{"line":12,"column":21}},"loc":{"start":{"line":12,"column":32},"end":{"line":14,"column":1}},"line":12},"1":{"name":"login","decl":{"start":{"line":17,"column":22},"end":{"line":17,"column":27}},"loc":{"start":{"line":17,"column":38},"end":{"line":75,"column":1}},"line":17},"2":{"name":"(anonymous_2)","decl":{"start":{"line":48,"column":45},"end":{"line":48,"column":46}},"loc":{"start":{"line":48,"column":51},"end":{"line":48,"column":69}},"line":48},"3":{"name":"logout","decl":{"start":{"line":78,"column":22},"end":{"line":78,"column":28}},"loc":{"start":{"line":78,"column":39},"end":{"line":85,"column":1}},"line":78},"4":{"name":"register","decl":{"start":{"line":88,"column":22},"end":{"line":88,"column":30}},"loc":{"start":{"line":88,"column":41},"end":{"line":124,"column":1}},"line":88},"5":{"name":"me","decl":{"start":{"line":127,"column":22},"end":{"line":127,"column":24}},"loc":{"start":{"line":127,"column":35},"end":{"line":129,"column":1}},"line":127},"6":{"name":"forgotPassword","decl":{"start":{"line":134,"column":22},"end":{"line":134,"column":36}},"loc":{"start":{"line":134,"column":47},"end":{"line":190,"column":1}},"line":134},"7":{"name":"resetPassword","decl":{"start":{"line":193,"column":22},"end":{"line":193,"column":35}},"loc":{"start":{"line":193,"column":46},"end":{"line":226,"column":1}},"line":193},"8":{"name":"googleAuthStart","decl":{"start":{"line":230,"column":22},"end":{"line":230,"column":37}},"loc":{"start":{"line":230,"column":48},"end":{"line":243,"column":1}},"line":230},"9":{"name":"googleAuthCallback","decl":{"start":{"line":246,"column":22},"end":{"line":246,"column":40}},"loc":{"start":{"line":246,"column":51},"end":{"line":338,"column":1}},"line":246},"10":{"name":"(anonymous_10)","decl":{"start":{"line":322,"column":46},"end":{"line":322,"column":47}},"loc":{"start":{"line":322,"column":52},"end":{"line":322,"column":70}},"line":322},"11":{"name":"refreshToken","decl":{"start":{"line":342,"column":22},"end":{"line":342,"column":34}},"loc":{"start":{"line":342,"column":45},"end":{"line":362,"column":1}},"line":342}},"branchMap":{"0":{"loc":{"start":{"line":10,"column":19},"end":{"line":10,"column":81}},"type":"binary-expr","locations":[{"start":{"line":10,"column":19},"end":{"line":10,"column":41}},{"start":{"line":10,"column":45},"end":{"line":10,"column":81}}],"line":10},"1":{"loc":{"start":{"line":29,"column":4},"end":{"line":32,"column":5}},"type":"if","locations":[{"start":{"line":29,"column":4},"end":{"line":32,"column":5}},{"start":{},"end":{}}],"line":29},"2":{"loc":{"start":{"line":29,"column":8},"end":{"line":29,"column":31}},"type":"binary-expr","locations":[{"start":{"line":29,"column":8},"end":{"line":29,"column":13}},{"start":{"line":29,"column":17},"end":{"line":29,"column":31}}],"line":29},"3":{"loc":{"start":{"line":35,"column":4},"end":{"line":38,"column":5}},"type":"if","locations":[{"start":{"line":35,"column":4},"end":{"line":38,"column":5}},{"start":{},"end":{}}],"line":35},"4":{"loc":{"start":{"line":47,"column":19},"end":{"line":47,"column":48}},"type":"binary-expr","locations":[{"start":{"line":47,"column":19},"end":{"line":47,"column":40}},{"start":{"line":47,"column":44},"end":{"line":47,"column":48}}],"line":47},"5":{"loc":{"start":{"line":67,"column":21},"end":{"line":67,"column":50}},"type":"binary-expr","locations":[{"start":{"line":67,"column":21},"end":{"line":67,"column":42}},{"start":{"line":67,"column":46},"end":{"line":67,"column":50}}],"line":67},"6":{"loc":{"start":{"line":80,"column":2},"end":{"line":83,"column":3}},"type":"if","locations":[{"start":{"line":80,"column":2},"end":{"line":83,"column":3}},{"start":{},"end":{}}],"line":80},"7":{"loc":{"start":{"line":93,"column":4},"end":{"line":93,"column":85}},"type":"if","locations":[{"start":{"line":93,"column":4},"end":{"line":93,"column":85}},{"start":{},"end":{}}],"line":93},"8":{"loc":{"start":{"line":96,"column":17},"end":{"line":98,"column":12}},"type":"cond-expr","locations":[{"start":{"line":97,"column":8},"end":{"line":97,"column":75}},{"start":{"line":98,"column":8},"end":{"line":98,"column":12}}],"line":96},"9":{"loc":{"start":{"line":106,"column":22},"end":{"line":106,"column":38}},"type":"binary-expr","locations":[{"start":{"line":106,"column":22},"end":{"line":106,"column":30}},{"start":{"line":106,"column":34},"end":{"line":106,"column":38}}],"line":106},"10":{"loc":{"start":{"line":118,"column":18},"end":{"line":118,"column":47}},"type":"binary-expr","locations":[{"start":{"line":118,"column":18},"end":{"line":118,"column":39}},{"start":{"line":118,"column":43},"end":{"line":118,"column":47}}],"line":118},"11":{"loc":{"start":{"line":140,"column":4},"end":{"line":142,"column":5}},"type":"if","locations":[{"start":{"line":140,"column":4},"end":{"line":142,"column":5}},{"start":{},"end":{}}],"line":140},"12":{"loc":{"start":{"line":162,"column":24},"end":{"line":162,"column":76}},"type":"binary-expr","locations":[{"start":{"line":162,"column":24},"end":{"line":162,"column":48}},{"start":{"line":162,"column":52},"end":{"line":162,"column":76}}],"line":162},"13":{"loc":{"start":{"line":164,"column":4},"end":{"line":178,"column":5}},"type":"if","locations":[{"start":{"line":164,"column":4},"end":{"line":178,"column":5}},{"start":{},"end":{}}],"line":164},"14":{"loc":{"start":{"line":168,"column":23},"end":{"line":168,"column":53}},"type":"binary-expr","locations":[{"start":{"line":168,"column":23},"end":{"line":168,"column":44}},{"start":{"line":168,"column":48},"end":{"line":168,"column":53}}],"line":168},"15":{"loc":{"start":{"line":172,"column":17},"end":{"line":172,"column":64}},"type":"binary-expr","locations":[{"start":{"line":172,"column":17},"end":{"line":172,"column":38}},{"start":{"line":172,"column":42},"end":{"line":172,"column":64}}],"line":172},"16":{"loc":{"start":{"line":196,"column":4},"end":{"line":198,"column":5}},"type":"if","locations":[{"start":{"line":196,"column":4},"end":{"line":198,"column":5}},{"start":{},"end":{}}],"line":196},"17":{"loc":{"start":{"line":196,"column":8},"end":{"line":196,"column":56}},"type":"binary-expr","locations":[{"start":{"line":196,"column":8},"end":{"line":196,"column":14}},{"start":{"line":196,"column":18},"end":{"line":196,"column":30}},{"start":{"line":196,"column":34},"end":{"line":196,"column":56}}],"line":196},"18":{"loc":{"start":{"line":201,"column":4},"end":{"line":203,"column":5}},"type":"if","locations":[{"start":{"line":201,"column":4},"end":{"line":203,"column":5}},{"start":{},"end":{}}],"line":201},"19":{"loc":{"start":{"line":201,"column":8},"end":{"line":201,"column":75}},"type":"binary-expr","locations":[{"start":{"line":201,"column":8},"end":{"line":201,"column":19}},{"start":{"line":201,"column":23},"end":{"line":201,"column":38}},{"start":{"line":201,"column":42},"end":{"line":201,"column":75}}],"line":201},"20":{"loc":{"start":{"line":217,"column":6},"end":{"line":217,"column":69}},"type":"if","locations":[{"start":{"line":217,"column":6},"end":{"line":217,"column":69}},{"start":{},"end":{}}],"line":217},"21":{"loc":{"start":{"line":232,"column":22},"end":{"line":232,"column":106}},"type":"binary-expr","locations":[{"start":{"line":232,"column":22},"end":{"line":232,"column":53}},{"start":{"line":232,"column":57},"end":{"line":232,"column":106}}],"line":232},"22":{"loc":{"start":{"line":234,"column":2},"end":{"line":236,"column":3}},"type":"if","locations":[{"start":{"line":234,"column":2},"end":{"line":236,"column":3}},{"start":{},"end":{}}],"line":234},"23":{"loc":{"start":{"line":251,"column":25},"end":{"line":251,"column":109}},"type":"binary-expr","locations":[{"start":{"line":251,"column":25},"end":{"line":251,"column":56}},{"start":{"line":251,"column":60},"end":{"line":251,"column":109}}],"line":251},"24":{"loc":{"start":{"line":252,"column":25},"end":{"line":252,"column":77}},"type":"binary-expr","locations":[{"start":{"line":252,"column":25},"end":{"line":252,"column":49}},{"start":{"line":252,"column":53},"end":{"line":252,"column":77}}],"line":252},"25":{"loc":{"start":{"line":254,"column":4},"end":{"line":256,"column":5}},"type":"if","locations":[{"start":{"line":254,"column":4},"end":{"line":256,"column":5}},{"start":{},"end":{}}],"line":254},"26":{"loc":{"start":{"line":254,"column":8},"end":{"line":254,"column":34}},"type":"binary-expr","locations":[{"start":{"line":254,"column":8},"end":{"line":254,"column":17}},{"start":{"line":254,"column":21},"end":{"line":254,"column":34}}],"line":254},"27":{"loc":{"start":{"line":265,"column":4},"end":{"line":267,"column":5}},"type":"if","locations":[{"start":{"line":265,"column":4},"end":{"line":267,"column":5}},{"start":{},"end":{}}],"line":265},"28":{"loc":{"start":{"line":282,"column":4},"end":{"line":307,"column":5}},"type":"if","locations":[{"start":{"line":282,"column":4},"end":{"line":307,"column":5}},{"start":{"line":287,"column":11},"end":{"line":307,"column":5}}],"line":282},"29":{"loc":{"start":{"line":292,"column":6},"end":{"line":302,"column":7}},"type":"if","locations":[{"start":{"line":292,"column":6},"end":{"line":302,"column":7}},{"start":{"line":297,"column":13},"end":{"line":302,"column":7}}],"line":292},"30":{"loc":{"start":{"line":299,"column":56},"end":{"line":299,"column":73}},"type":"binary-expr","locations":[{"start":{"line":299,"column":56},"end":{"line":299,"column":64}},{"start":{"line":299,"column":68},"end":{"line":299,"column":73}}],"line":299},"31":{"loc":{"start":{"line":309,"column":4},"end":{"line":311,"column":5}},"type":"if","locations":[{"start":{"line":309,"column":4},"end":{"line":311,"column":5}},{"start":{},"end":{}}],"line":309},"32":{"loc":{"start":{"line":309,"column":8},"end":{"line":309,"column":31}},"type":"binary-expr","locations":[{"start":{"line":309,"column":8},"end":{"line":309,"column":13}},{"start":{"line":309,"column":17},"end":{"line":309,"column":31}}],"line":309},"33":{"loc":{"start":{"line":321,"column":20},"end":{"line":321,"column":49}},"type":"binary-expr","locations":[{"start":{"line":321,"column":20},"end":{"line":321,"column":41}},{"start":{"line":321,"column":45},"end":{"line":321,"column":49}}],"line":321},"34":{"loc":{"start":{"line":335,"column":24},"end":{"line":335,"column":76}},"type":"binary-expr","locations":[{"start":{"line":335,"column":24},"end":{"line":335,"column":48}},{"start":{"line":335,"column":52},"end":{"line":335,"column":76}}],"line":335},"35":{"loc":{"start":{"line":344,"column":22},"end":{"line":344,"column":72}},"type":"binary-expr","locations":[{"start":{"line":344,"column":22},"end":{"line":344,"column":49}},{"start":{"line":344,"column":53},"end":{"line":344,"column":72}}],"line":344},"36":{"loc":{"start":{"line":345,"column":4},"end":{"line":347,"column":5}},"type":"if","locations":[{"start":{"line":345,"column":4},"end":{"line":347,"column":5}},{"start":{},"end":{}}],"line":345},"37":{"loc":{"start":{"line":345,"column":8},"end":{"line":345,"column":46}},"type":"binary-expr","locations":[{"start":{"line":345,"column":8},"end":{"line":345,"column":18}},{"start":{"line":345,"column":22},"end":{"line":345,"column":46}}],"line":345},"38":{"loc":{"start":{"line":350,"column":4},"end":{"line":353,"column":5}},"type":"if","locations":[{"start":{"line":350,"column":4},"end":{"line":353,"column":5}},{"start":{},"end":{}}],"line":350}},"s":{"0":3,"1":84,"2":89,"3":89,"4":89,"5":89,"6":8,"7":8,"8":81,"9":81,"10":1,"11":1,"12":80,"13":80,"14":400,"15":80,"16":80,"17":80,"18":80,"19":80,"20":0,"21":0,"22":1,"23":1,"24":1,"25":1,"26":1,"27":3,"28":3,"29":3,"30":3,"31":0,"32":3,"33":3,"34":3,"35":0,"36":0,"37":3,"38":3,"39":1,"40":2,"41":2,"42":2,"43":2,"44":2,"45":0,"46":0,"47":0,"48":0,"49":0,"50":0,"51":0,"52":0,"53":0,"54":0,"55":0,"56":0,"57":0,"58":0,"59":1,"60":1,"61":1,"62":0,"63":1,"64":1,"65":1,"66":0,"67":0,"68":0,"69":0,"70":0,"71":0,"72":0,"73":0,"74":0,"75":0,"76":0,"77":0,"78":0,"79":0,"80":0,"81":0,"82":0,"83":0,"84":0,"85":0,"86":0,"87":0,"88":0,"89":0,"90":0,"91":0,"92":0,"93":0,"94":0,"95":0,"96":0,"97":0,"98":0,"99":0,"100":0,"101":0,"102":0,"103":0,"104":0,"105":0,"106":0,"107":0,"108":0,"109":0,"110":0,"111":0,"112":0,"113":0,"114":0,"115":0,"116":0,"117":0,"118":0,"119":0,"120":0,"121":0,"122":0,"123":0,"124":0,"125":0,"126":0,"127":0,"128":0,"129":0,"130":0,"131":0},"f":{"0":84,"1":89,"2":400,"3":1,"4":3,"5":1,"6":2,"7":1,"8":0,"9":0,"10":0,"11":0},"b":{"0":[3,0],"1":[8,81],"2":[89,81],"3":[1,80],"4":[80,0],"5":[80,0],"6":[1,0],"7":[0,3],"8":[1,2],"9":[0,0],"10":[0,0],"11":[2,0],"12":[0,0],"13":[0,0],"14":[0,0],"15":[0,0],"16":[0,1],"17":[1,1,1],"18":[1,0],"19":[1,0,0],"20":[0,0],"21":[0,0],"22":[0,0],"23":[0,0],"24":[0,0],"25":[0,0],"26":[0,0],"27":[0,0],"28":[0,0],"29":[0,0],"30":[0,0],"31":[0,0],"32":[0,0],"33":[0,0],"34":[0,0],"35":[0,0],"36":[0,0],"37":[0,0],"38":[0,0]},"inputSourceMap":null,"_coverageSchema":"1a1c01bbd47fc00a2c39e90264f33305004495a9","hash":"b191d7b1c834674685c6ccef58e53fd5f5bf0ec7"}
,"/Users/larisadragea/Downloads/wellsync_work-3/backend/src/controllers/logsController.js": {"path":"/Users/larisadragea/Downloads/wellsync_work-3/backend/src/controllers/logsController.js","statementMap":{"0":{"start":{"line":7,"column":2},"end":{"line":51,"column":3}},"1":{"start":{"line":8,"column":21},"end":{"line":8,"column":54}},"2":{"start":{"line":9,"column":21},"end":{"line":9,"column":55}},"3":{"start":{"line":10,"column":21},"end":{"line":10,"column":78}},"4":{"start":{"line":11,"column":21},"end":{"line":11,"column":37}},"5":{"start":{"line":12,"column":23},"end":{"line":12,"column":73}},"6":{"start":{"line":14,"column":18},"end":{"line":14,"column":20}},"7":{"start":{"line":15,"column":4},"end":{"line":15,"column":48}},"8":{"start":{"line":15,"column":20},"end":{"line":15,"column":48}},"9":{"start":{"line":16,"column":4},"end":{"line":16,"column":48}},"10":{"start":{"line":16,"column":20},"end":{"line":16,"column":48}},"11":{"start":{"line":17,"column":4},"end":{"line":17,"column":66}},"12":{"start":{"line":17,"column":34},"end":{"line":17,"column":66}},"13":{"start":{"line":19,"column":26},"end":{"line":28,"column":6}},"14":{"start":{"line":30,"column":4},"end":{"line":47,"column":7}},"15":{"start":{"line":31,"column":27},"end":{"line":42,"column":7}},"16":{"start":{"line":49,"column":4},"end":{"line":49,"column":23}},"17":{"start":{"line":50,"column":4},"end":{"line":50,"column":68}},"18":{"start":{"line":56,"column":2},"end":{"line":65,"column":3}},"19":{"start":{"line":57,"column":18},"end":{"line":60,"column":6}},"20":{"start":{"line":61,"column":4},"end":{"line":61,"column":58}},"21":{"start":{"line":63,"column":4},"end":{"line":63,"column":23}},"22":{"start":{"line":64,"column":4},"end":{"line":64,"column":68}},"23":{"start":{"line":70,"column":2},"end":{"line":81,"column":3}},"24":{"start":{"line":71,"column":19},"end":{"line":71,"column":46}},"25":{"start":{"line":72,"column":20},"end":{"line":75,"column":6}},"26":{"start":{"line":76,"column":4},"end":{"line":76,"column":29}},"27":{"start":{"line":78,"column":4},"end":{"line":78,"column":98}},"28":{"start":{"line":78,"column":30},"end":{"line":78,"column":98}},"29":{"start":{"line":79,"column":4},"end":{"line":79,"column":23}},"30":{"start":{"line":80,"column":4},"end":{"line":80,"column":68}}},"fnMap":{"0":{"name":"getLogs","decl":{"start":{"line":6,"column":22},"end":{"line":6,"column":29}},"loc":{"start":{"line":6,"column":40},"end":{"line":52,"column":1}},"line":6},"1":{"name":"(anonymous_1)","decl":{"start":{"line":31,"column":21},"end":{"line":31,"column":22}},"loc":{"start":{"line":31,"column":27},"end":{"line":42,"column":7}},"line":31},"2":{"name":"getSuspiciousUsers","decl":{"start":{"line":55,"column":22},"end":{"line":55,"column":40}},"loc":{"start":{"line":55,"column":51},"end":{"line":66,"column":1}},"line":55},"3":{"name":"resolveSuspiciousUser","decl":{"start":{"line":69,"column":22},"end":{"line":69,"column":43}},"loc":{"start":{"line":69,"column":54},"end":{"line":82,"column":1}},"line":69}},"branchMap":{"0":{"loc":{"start":{"line":8,"column":21},"end":{"line":8,"column":54}},"type":"binary-expr","locations":[{"start":{"line":8,"column":21},"end":{"line":8,"column":45}},{"start":{"line":8,"column":53},"end":{"line":8,"column":54}}],"line":8},"1":{"loc":{"start":{"line":9,"column":21},"end":{"line":9,"column":55}},"type":"binary-expr","locations":[{"start":{"line":9,"column":21},"end":{"line":9,"column":49}},{"start":{"line":9,"column":53},"end":{"line":9,"column":55}}],"line":9},"2":{"loc":{"start":{"line":10,"column":21},"end":{"line":10,"column":78}},"type":"cond-expr","locations":[{"start":{"line":10,"column":40},"end":{"line":10,"column":66}},{"start":{"line":10,"column":69},"end":{"line":10,"column":78}}],"line":10},"3":{"loc":{"start":{"line":12,"column":23},"end":{"line":12,"column":73}},"type":"cond-expr","locations":[{"start":{"line":12,"column":57},"end":{"line":12,"column":61}},{"start":{"line":12,"column":64},"end":{"line":12,"column":73}}],"line":12},"4":{"loc":{"start":{"line":15,"column":4},"end":{"line":15,"column":48}},"type":"if","locations":[{"start":{"line":15,"column":4},"end":{"line":15,"column":48}},{"start":{},"end":{}}],"line":15},"5":{"loc":{"start":{"line":16,"column":4},"end":{"line":16,"column":48}},"type":"if","locations":[{"start":{"line":16,"column":4},"end":{"line":16,"column":48}},{"start":{},"end":{}}],"line":16},"6":{"loc":{"start":{"line":17,"column":4},"end":{"line":17,"column":66}},"type":"if","locations":[{"start":{"line":17,"column":4},"end":{"line":17,"column":66}},{"start":{},"end":{}}],"line":17},"7":{"loc":{"start":{"line":34,"column":21},"end":{"line":34,"column":42}},"type":"binary-expr","locations":[{"start":{"line":34,"column":21},"end":{"line":34,"column":34}},{"start":{"line":34,"column":38},"end":{"line":34,"column":42}}],"line":34},"8":{"loc":{"start":{"line":35,"column":22},"end":{"line":35,"column":46}},"type":"binary-expr","locations":[{"start":{"line":35,"column":22},"end":{"line":35,"column":38}},{"start":{"line":35,"column":42},"end":{"line":35,"column":46}}],"line":35},"9":{"loc":{"start":{"line":38,"column":21},"end":{"line":38,"column":67}},"type":"cond-expr","locations":[{"start":{"line":38,"column":36},"end":{"line":38,"column":60}},{"start":{"line":38,"column":63},"end":{"line":38,"column":67}}],"line":38},"10":{"loc":{"start":{"line":78,"column":4},"end":{"line":78,"column":98}},"type":"if","locations":[{"start":{"line":78,"column":4},"end":{"line":78,"column":98}},{"start":{},"end":{}}],"line":78}},"s":{"0":1,"1":1,"2":1,"3":1,"4":1,"5":1,"6":1,"7":1,"8":0,"9":1,"10":0,"11":1,"12":0,"13":1,"14":1,"15":3,"16":0,"17":0,"18":1,"19":1,"20":1,"21":0,"22":0,"23":0,"24":0,"25":0,"26":0,"27":0,"28":0,"29":0,"30":0},"f":{"0":1,"1":3,"2":1,"3":0},"b":{"0":[1,1],"1":[1,1],"2":[0,1],"3":[0,1],"4":[0,1],"5":[0,1],"6":[0,1],"7":[3,0],"8":[3,0],"9":[3,0],"10":[0,0]},"inputSourceMap":null,"_coverageSchema":"1a1c01bbd47fc00a2c39e90264f33305004495a9","hash":"f4d7e4cbe69edd67cc95f93fb70ddbaaa3740fb5"}
,"/Users/larisadragea/Downloads/wellsync_work-3/backend/src/controllers/resourceController.js": {"path":"/Users/larisadragea/Downloads/wellsync_work-3/backend/src/controllers/resourceController.js","statementMap":{"0":{"start":{"line":5,"column":16},"end":{"line":8,"column":1}},"1":{"start":{"line":12,"column":2},"end":{"line":21,"column":4}},"2":{"start":{"line":26,"column":23},"end":{"line":29,"column":4}},"3":{"start":{"line":30,"column":2},"end":{"line":30,"column":72}},"4":{"start":{"line":30,"column":13},"end":{"line":30,"column":72}},"5":{"start":{"line":31,"column":2},"end":{"line":31,"column":60}},"6":{"start":{"line":31,"column":13},"end":{"line":31,"column":60}},"7":{"start":{"line":32,"column":2},"end":{"line":32,"column":52}},"8":{"start":{"line":38,"column":2},"end":{"line":89,"column":3}},"9":{"start":{"line":39,"column":23},"end":{"line":39,"column":56}},"10":{"start":{"line":40,"column":23},"end":{"line":40,"column":57}},"11":{"start":{"line":41,"column":23},"end":{"line":41,"column":43}},"12":{"start":{"line":42,"column":23},"end":{"line":42,"column":37}},"13":{"start":{"line":43,"column":23},"end":{"line":43,"column":39}},"14":{"start":{"line":44,"column":23},"end":{"line":44,"column":55}},"15":{"start":{"line":45,"column":23},"end":{"line":45,"column":50}},"16":{"start":{"line":48,"column":18},"end":{"line":48,"column":20}},"17":{"start":{"line":49,"column":4},"end":{"line":49,"column":60}},"18":{"start":{"line":49,"column":20},"end":{"line":49,"column":60}},"19":{"start":{"line":50,"column":4},"end":{"line":50,"column":54}},"20":{"start":{"line":50,"column":20},"end":{"line":50,"column":54}},"21":{"start":{"line":51,"column":4},"end":{"line":56,"column":5}},"22":{"start":{"line":52,"column":6},"end":{"line":55,"column":8}},"23":{"start":{"line":60,"column":4},"end":{"line":62,"column":63}},"24":{"start":{"line":60,"column":33},"end":{"line":60,"column":75}},"25":{"start":{"line":61,"column":9},"end":{"line":62,"column":63}},"26":{"start":{"line":61,"column":33},"end":{"line":61,"column":75}},"27":{"start":{"line":62,"column":33},"end":{"line":62,"column":63}},"28":{"start":{"line":64,"column":26},"end":{"line":73,"column":6}},"29":{"start":{"line":75,"column":4},"end":{"line":85,"column":7}},"30":{"start":{"line":87,"column":4},"end":{"line":87,"column":23}},"31":{"start":{"line":88,"column":4},"end":{"line":88,"column":68}},"32":{"start":{"line":94,"column":2},"end":{"line":104,"column":3}},"33":{"start":{"line":95,"column":21},"end":{"line":98,"column":6}},"34":{"start":{"line":99,"column":4},"end":{"line":99,"column":80}},"35":{"start":{"line":99,"column":19},"end":{"line":99,"column":80}},"36":{"start":{"line":100,"column":4},"end":{"line":100,"column":46}},"37":{"start":{"line":102,"column":4},"end":{"line":102,"column":23}},"38":{"start":{"line":103,"column":4},"end":{"line":103,"column":68}},"39":{"start":{"line":109,"column":2},"end":{"line":133,"column":3}},"40":{"start":{"line":110,"column":82},"end":{"line":110,"column":90}},"41":{"start":{"line":111,"column":37},"end":{"line":111,"column":71}},"42":{"start":{"line":113,"column":21},"end":{"line":124,"column":6}},"43":{"start":{"line":126,"column":4},"end":{"line":126,"column":58}},"44":{"start":{"line":128,"column":4},"end":{"line":128,"column":23}},"45":{"start":{"line":129,"column":4},"end":{"line":131,"column":5}},"46":{"start":{"line":130,"column":6},"end":{"line":130,"column":58}},"47":{"start":{"line":132,"column":4},"end":{"line":132,"column":68}},"48":{"start":{"line":138,"column":2},"end":{"line":167,"column":3}},"49":{"start":{"line":139,"column":15},"end":{"line":139,"column":38}},"50":{"start":{"line":140,"column":21},"end":{"line":140,"column":72}},"51":{"start":{"line":141,"column":4},"end":{"line":141,"column":80}},"52":{"start":{"line":141,"column":19},"end":{"line":141,"column":80}},"53":{"start":{"line":143,"column":82},"end":{"line":143,"column":90}},"54":{"start":{"line":144,"column":37},"end":{"line":144,"column":71}},"55":{"start":{"line":146,"column":20},"end":{"line":158,"column":6}},"56":{"start":{"line":160,"column":4},"end":{"line":160,"column":45}},"57":{"start":{"line":162,"column":4},"end":{"line":162,"column":23}},"58":{"start":{"line":163,"column":4},"end":{"line":165,"column":5}},"59":{"start":{"line":164,"column":6},"end":{"line":164,"column":58}},"60":{"start":{"line":166,"column":4},"end":{"line":166,"column":68}},"61":{"start":{"line":172,"column":2},"end":{"line":182,"column":3}},"62":{"start":{"line":173,"column":15},"end":{"line":173,"column":38}},"63":{"start":{"line":174,"column":21},"end":{"line":174,"column":72}},"64":{"start":{"line":175,"column":4},"end":{"line":175,"column":80}},"65":{"start":{"line":175,"column":19},"end":{"line":175,"column":80}},"66":{"start":{"line":177,"column":4},"end":{"line":177,"column":52}},"67":{"start":{"line":178,"column":4},"end":{"line":178,"column":34}},"68":{"start":{"line":180,"column":4},"end":{"line":180,"column":23}},"69":{"start":{"line":181,"column":4},"end":{"line":181,"column":68}},"70":{"start":{"line":187,"column":2},"end":{"line":237,"column":3}},"71":{"start":{"line":188,"column":69},"end":{"line":210,"column":6}},"72":{"start":{"line":213,"column":18},"end":{"line":213,"column":52}},"73":{"start":{"line":214,"column":20},"end":{"line":214,"column":70}},"74":{"start":{"line":214,"column":54},"end":{"line":214,"column":68}},"75":{"start":{"line":216,"column":18},"end":{"line":216,"column":54}},"76":{"start":{"line":217,"column":20},"end":{"line":217,"column":70}},"77":{"start":{"line":217,"column":54},"end":{"line":217,"column":68}},"78":{"start":{"line":219,"column":4},"end":{"line":233,"column":7}},"79":{"start":{"line":223,"column":37},"end":{"line":227,"column":7}},"80":{"start":{"line":228,"column":31},"end":{"line":231,"column":7}},"81":{"start":{"line":235,"column":4},"end":{"line":235,"column":23}},"82":{"start":{"line":236,"column":4},"end":{"line":236,"column":68}}},"fnMap":{"0":{"name":"formatResource","decl":{"start":{"line":11,"column":9},"end":{"line":11,"column":23}},"loc":{"start":{"line":11,"column":27},"end":{"line":22,"column":1}},"line":11},"1":{"name":"resolveIds","decl":{"start":{"line":25,"column":15},"end":{"line":25,"column":25}},"loc":{"start":{"line":25,"column":52},"end":{"line":33,"column":1}},"line":25},"2":{"name":"getResources","decl":{"start":{"line":37,"column":22},"end":{"line":37,"column":34}},"loc":{"start":{"line":37,"column":45},"end":{"line":90,"column":1}},"line":37},"3":{"name":"getResourceById","decl":{"start":{"line":93,"column":22},"end":{"line":93,"column":37}},"loc":{"start":{"line":93,"column":48},"end":{"line":105,"column":1}},"line":93},"4":{"name":"createResource","decl":{"start":{"line":108,"column":22},"end":{"line":108,"column":36}},"loc":{"start":{"line":108,"column":47},"end":{"line":134,"column":1}},"line":108},"5":{"name":"updateResource","decl":{"start":{"line":137,"column":22},"end":{"line":137,"column":36}},"loc":{"start":{"line":137,"column":47},"end":{"line":168,"column":1}},"line":137},"6":{"name":"deleteResource","decl":{"start":{"line":171,"column":22},"end":{"line":171,"column":36}},"loc":{"start":{"line":171,"column":47},"end":{"line":183,"column":1}},"line":171},"7":{"name":"getStats","decl":{"start":{"line":186,"column":22},"end":{"line":186,"column":30}},"loc":{"start":{"line":186,"column":41},"end":{"line":238,"column":1}},"line":186},"8":{"name":"(anonymous_8)","decl":{"start":{"line":214,"column":49},"end":{"line":214,"column":50}},"loc":{"start":{"line":214,"column":54},"end":{"line":214,"column":68}},"line":214},"9":{"name":"(anonymous_9)","decl":{"start":{"line":217,"column":49},"end":{"line":217,"column":50}},"loc":{"start":{"line":217,"column":54},"end":{"line":217,"column":68}},"line":217},"10":{"name":"(anonymous_10)","decl":{"start":{"line":223,"column":31},"end":{"line":223,"column":32}},"loc":{"start":{"line":223,"column":37},"end":{"line":227,"column":7}},"line":223},"11":{"name":"(anonymous_11)","decl":{"start":{"line":228,"column":25},"end":{"line":228,"column":26}},"loc":{"start":{"line":228,"column":31},"end":{"line":231,"column":7}},"line":228}},"branchMap":{"0":{"loc":{"start":{"line":20,"column":21},"end":{"line":20,"column":69}},"type":"binary-expr","locations":[{"start":{"line":20,"column":21},"end":{"line":20,"column":61}},{"start":{"line":20,"column":65},"end":{"line":20,"column":69}}],"line":20},"1":{"loc":{"start":{"line":30,"column":2},"end":{"line":30,"column":72}},"type":"if","locations":[{"start":{"line":30,"column":2},"end":{"line":30,"column":72}},{"start":{},"end":{}}],"line":30},"2":{"loc":{"start":{"line":31,"column":2},"end":{"line":31,"column":60}},"type":"if","locations":[{"start":{"line":31,"column":2},"end":{"line":31,"column":60}},{"start":{},"end":{}}],"line":31},"3":{"loc":{"start":{"line":39,"column":23},"end":{"line":39,"column":56}},"type":"binary-expr","locations":[{"start":{"line":39,"column":23},"end":{"line":39,"column":47}},{"start":{"line":39,"column":55},"end":{"line":39,"column":56}}],"line":39},"4":{"loc":{"start":{"line":40,"column":23},"end":{"line":40,"column":57}},"type":"binary-expr","locations":[{"start":{"line":40,"column":23},"end":{"line":40,"column":51}},{"start":{"line":40,"column":55},"end":{"line":40,"column":57}}],"line":40},"5":{"loc":{"start":{"line":44,"column":23},"end":{"line":44,"column":55}},"type":"binary-expr","locations":[{"start":{"line":44,"column":23},"end":{"line":44,"column":39}},{"start":{"line":44,"column":44},"end":{"line":44,"column":55}}],"line":44},"6":{"loc":{"start":{"line":45,"column":23},"end":{"line":45,"column":50}},"type":"binary-expr","locations":[{"start":{"line":45,"column":23},"end":{"line":45,"column":38}},{"start":{"line":45,"column":44},"end":{"line":45,"column":50}}],"line":45},"7":{"loc":{"start":{"line":49,"column":4},"end":{"line":49,"column":60}},"type":"if","locations":[{"start":{"line":49,"column":4},"end":{"line":49,"column":60}},{"start":{},"end":{}}],"line":49},"8":{"loc":{"start":{"line":50,"column":4},"end":{"line":50,"column":54}},"type":"if","locations":[{"start":{"line":50,"column":4},"end":{"line":50,"column":54}},{"start":{},"end":{}}],"line":50},"9":{"loc":{"start":{"line":51,"column":4},"end":{"line":56,"column":5}},"type":"if","locations":[{"start":{"line":51,"column":4},"end":{"line":56,"column":5}},{"start":{},"end":{}}],"line":51},"10":{"loc":{"start":{"line":60,"column":4},"end":{"line":62,"column":63}},"type":"if","locations":[{"start":{"line":60,"column":4},"end":{"line":62,"column":63}},{"start":{"line":61,"column":9},"end":{"line":62,"column":63}}],"line":60},"11":{"loc":{"start":{"line":61,"column":9},"end":{"line":62,"column":63}},"type":"if","locations":[{"start":{"line":61,"column":9},"end":{"line":62,"column":63}},{"start":{"line":62,"column":33},"end":{"line":62,"column":63}}],"line":61},"12":{"loc":{"start":{"line":99,"column":4},"end":{"line":99,"column":80}},"type":"if","locations":[{"start":{"line":99,"column":4},"end":{"line":99,"column":80}},{"start":{},"end":{}}],"line":99},"13":{"loc":{"start":{"line":118,"column":22},"end":{"line":118,"column":42}},"type":"binary-expr","locations":[{"start":{"line":118,"column":22},"end":{"line":118,"column":37}},{"start":{"line":118,"column":41},"end":{"line":118,"column":42}}],"line":118},"14":{"loc":{"start":{"line":119,"column":22},"end":{"line":119,"column":66}},"type":"cond-expr","locations":[{"start":{"line":119,"column":34},"end":{"line":119,"column":53}},{"start":{"line":119,"column":56},"end":{"line":119,"column":66}}],"line":119},"15":{"loc":{"start":{"line":129,"column":4},"end":{"line":131,"column":5}},"type":"if","locations":[{"start":{"line":129,"column":4},"end":{"line":131,"column":5}},{"start":{},"end":{}}],"line":129},"16":{"loc":{"start":{"line":141,"column":4},"end":{"line":141,"column":80}},"type":"if","locations":[{"start":{"line":141,"column":4},"end":{"line":141,"column":80}},{"start":{},"end":{}}],"line":141},"17":{"loc":{"start":{"line":152,"column":22},"end":{"line":152,"column":42}},"type":"binary-expr","locations":[{"start":{"line":152,"column":22},"end":{"line":152,"column":37}},{"start":{"line":152,"column":41},"end":{"line":152,"column":42}}],"line":152},"18":{"loc":{"start":{"line":153,"column":22},"end":{"line":153,"column":74}},"type":"cond-expr","locations":[{"start":{"line":153,"column":34},"end":{"line":153,"column":53}},{"start":{"line":153,"column":56},"end":{"line":153,"column":74}}],"line":153},"19":{"loc":{"start":{"line":163,"column":4},"end":{"line":165,"column":5}},"type":"if","locations":[{"start":{"line":163,"column":4},"end":{"line":165,"column":5}},{"start":{},"end":{}}],"line":163},"20":{"loc":{"start":{"line":175,"column":4},"end":{"line":175,"column":80}},"type":"if","locations":[{"start":{"line":175,"column":4},"end":{"line":175,"column":80}},{"start":{},"end":{}}],"line":175},"21":{"loc":{"start":{"line":221,"column":19},"end":{"line":221,"column":45}},"type":"binary-expr","locations":[{"start":{"line":221,"column":19},"end":{"line":221,"column":40}},{"start":{"line":221,"column":44},"end":{"line":221,"column":45}}],"line":221},"22":{"loc":{"start":{"line":222,"column":19},"end":{"line":222,"column":45}},"type":"binary-expr","locations":[{"start":{"line":222,"column":19},"end":{"line":222,"column":40}},{"start":{"line":222,"column":44},"end":{"line":222,"column":45}}],"line":222}},"s":{"0":3,"1":27,"2":18,"3":18,"4":0,"5":18,"6":0,"7":18,"8":7,"9":7,"10":7,"11":7,"12":7,"13":7,"14":7,"15":7,"16":7,"17":7,"18":1,"19":7,"20":1,"21":7,"22":1,"23":7,"24":0,"25":7,"26":0,"27":7,"28":7,"29":7,"30":0,"31":0,"32":2,"33":2,"34":2,"35":1,"36":1,"37":0,"38":0,"39":17,"40":17,"41":17,"42":17,"43":17,"44":0,"45":0,"46":0,"47":0,"48":2,"49":2,"50":2,"51":2,"52":1,"53":1,"54":1,"55":1,"56":1,"57":0,"58":0,"59":0,"60":0,"61":2,"62":2,"63":2,"64":2,"65":1,"66":1,"67":1,"68":0,"69":0,"70":2,"71":2,"72":2,"73":2,"74":10,"75":2,"76":2,"77":8,"78":2,"79":2,"80":2,"81":0,"82":0},"f":{"0":27,"1":18,"2":7,"3":2,"4":17,"5":2,"6":2,"7":2,"8":10,"9":8,"10":2,"11":2},"b":{"0":[27,0],"1":[0,18],"2":[0,18],"3":[7,6],"4":[7,6],"5":[7,7],"6":[7,7],"7":[1,6],"8":[1,6],"9":[1,6],"10":[0,7],"11":[0,7],"12":[1,1],"13":[17,1],"14":[0,17],"15":[0,0],"16":[1,1],"17":[1,1],"18":[0,1],"19":[0,0],"20":[1,1],"21":[2,1],"22":[2,1]},"inputSourceMap":null,"_coverageSchema":"1a1c01bbd47fc00a2c39e90264f33305004495a9","hash":"2d55c21213117e091b5e65bfe0a10aed814ce99a"}
,"/Users/larisadragea/Downloads/wellsync_work-3/backend/src/middleware/auth.js": {"path":"/Users/larisadragea/Downloads/wellsync_work-3/backend/src/middleware/auth.js","statementMap":{"0":{"start":{"line":9,"column":24},"end":{"line":9,"column":38}},"1":{"start":{"line":10,"column":24},"end":{"line":10,"column":86}},"2":{"start":{"line":11,"column":24},"end":{"line":11,"column":28}},"3":{"start":{"line":14,"column":24},"end":{"line":14,"column":33}},"4":{"start":{"line":17,"column":0},"end":{"line":25,"column":11}},"5":{"start":{"line":18,"column":14},"end":{"line":18,"column":24}},"6":{"start":{"line":19,"column":2},"end":{"line":24,"column":3}},"7":{"start":{"line":20,"column":4},"end":{"line":23,"column":5}},"8":{"start":{"line":21,"column":6},"end":{"line":21,"column":65}},"9":{"start":{"line":22,"column":6},"end":{"line":22,"column":26}},"10":{"start":{"line":29,"column":2},"end":{"line":29,"column":97}},"11":{"start":{"line":34,"column":2},"end":{"line":44,"column":4}},"12":{"start":{"line":49,"column":2},"end":{"line":53,"column":3}},"13":{"start":{"line":50,"column":4},"end":{"line":50,"column":41}},"14":{"start":{"line":52,"column":4},"end":{"line":52,"column":16}},"15":{"start":{"line":59,"column":21},"end":{"line":59,"column":49}},"16":{"start":{"line":60,"column":2},"end":{"line":86,"column":3}},"17":{"start":{"line":61,"column":18},"end":{"line":61,"column":37}},"18":{"start":{"line":62,"column":20},"end":{"line":62,"column":36}},"19":{"start":{"line":63,"column":4},"end":{"line":65,"column":5}},"20":{"start":{"line":64,"column":6},"end":{"line":64,"column":77}},"21":{"start":{"line":67,"column":20},"end":{"line":67,"column":51}},"22":{"start":{"line":68,"column":4},"end":{"line":84,"column":5}},"23":{"start":{"line":69,"column":6},"end":{"line":72,"column":7}},"24":{"start":{"line":70,"column":8},"end":{"line":70,"column":43}},"25":{"start":{"line":71,"column":8},"end":{"line":71,"column":84}},"26":{"start":{"line":73,"column":6},"end":{"line":73,"column":40}},"27":{"start":{"line":74,"column":6},"end":{"line":74,"column":28}},"28":{"start":{"line":77,"column":6},"end":{"line":83,"column":8}},"29":{"start":{"line":85,"column":4},"end":{"line":85,"column":18}},"30":{"start":{"line":89,"column":20},"end":{"line":89,"column":47}},"31":{"start":{"line":90,"column":2},"end":{"line":92,"column":3}},"32":{"start":{"line":91,"column":4},"end":{"line":91,"column":74}},"33":{"start":{"line":94,"column":18},"end":{"line":94,"column":41}},"34":{"start":{"line":95,"column":2},"end":{"line":98,"column":3}},"35":{"start":{"line":96,"column":4},"end":{"line":96,"column":31}},"36":{"start":{"line":97,"column":4},"end":{"line":97,"column":80}},"37":{"start":{"line":100,"column":2},"end":{"line":100,"column":36}},"38":{"start":{"line":101,"column":2},"end":{"line":101,"column":24}},"39":{"start":{"line":102,"column":2},"end":{"line":102,"column":9}},"40":{"start":{"line":107,"column":2},"end":{"line":109,"column":3}},"41":{"start":{"line":108,"column":4},"end":{"line":108,"column":80}},"42":{"start":{"line":110,"column":2},"end":{"line":110,"column":9}},"43":{"start":{"line":115,"column":2},"end":{"line":117,"column":3}},"44":{"start":{"line":116,"column":4},"end":{"line":116,"column":82}},"45":{"start":{"line":118,"column":2},"end":{"line":118,"column":9}},"46":{"start":{"line":123,"column":2},"end":{"line":143,"column":4}},"47":{"start":{"line":124,"column":4},"end":{"line":124,"column":77}},"48":{"start":{"line":124,"column":22},"end":{"line":124,"column":77}},"49":{"start":{"line":127,"column":4},"end":{"line":129,"column":5}},"50":{"start":{"line":128,"column":6},"end":{"line":128,"column":20}},"51":{"start":{"line":132,"column":17},"end":{"line":135,"column":6}},"52":{"start":{"line":136,"column":26},"end":{"line":138,"column":5}},"53":{"start":{"line":137,"column":12},"end":{"line":137,"column":49}},"54":{"start":{"line":139,"column":4},"end":{"line":141,"column":5}},"55":{"start":{"line":140,"column":6},"end":{"line":140,"column":99}},"56":{"start":{"line":142,"column":4},"end":{"line":142,"column":11}}},"fnMap":{"0":{"name":"(anonymous_0)","decl":{"start":{"line":17,"column":12},"end":{"line":17,"column":13}},"loc":{"start":{"line":17,"column":18},"end":{"line":25,"column":1}},"line":17},"1":{"name":"generateSessionId","decl":{"start":{"line":28,"column":16},"end":{"line":28,"column":33}},"loc":{"start":{"line":28,"column":36},"end":{"line":30,"column":1}},"line":28},"2":{"name":"generateJWT","decl":{"start":{"line":33,"column":16},"end":{"line":33,"column":27}},"loc":{"start":{"line":33,"column":41},"end":{"line":45,"column":1}},"line":33},"3":{"name":"verifyJWT","decl":{"start":{"line":48,"column":16},"end":{"line":48,"column":25}},"loc":{"start":{"line":48,"column":33},"end":{"line":54,"column":1}},"line":48},"4":{"name":"requireAuth","decl":{"start":{"line":57,"column":22},"end":{"line":57,"column":33}},"loc":{"start":{"line":57,"column":50},"end":{"line":103,"column":1}},"line":57},"5":{"name":"requireAdmin","decl":{"start":{"line":106,"column":16},"end":{"line":106,"column":28}},"loc":{"start":{"line":106,"column":45},"end":{"line":111,"column":1}},"line":106},"6":{"name":"requireManager","decl":{"start":{"line":114,"column":16},"end":{"line":114,"column":30}},"loc":{"start":{"line":114,"column":47},"end":{"line":119,"column":1}},"line":114},"7":{"name":"requirePermission","decl":{"start":{"line":122,"column":16},"end":{"line":122,"column":33}},"loc":{"start":{"line":122,"column":50},"end":{"line":144,"column":1}},"line":122},"8":{"name":"(anonymous_8)","decl":{"start":{"line":123,"column":9},"end":{"line":123,"column":10}},"loc":{"start":{"line":123,"column":35},"end":{"line":143,"column":3}},"line":123},"9":{"name":"(anonymous_9)","decl":{"start":{"line":137,"column":6},"end":{"line":137,"column":7}},"loc":{"start":{"line":137,"column":12},"end":{"line":137,"column":49}},"line":137}},"branchMap":{"0":{"loc":{"start":{"line":10,"column":24},"end":{"line":10,"column":86}},"type":"binary-expr","locations":[{"start":{"line":10,"column":24},"end":{"line":10,"column":46}},{"start":{"line":10,"column":50},"end":{"line":10,"column":86}}],"line":10},"1":{"loc":{"start":{"line":20,"column":4},"end":{"line":23,"column":5}},"type":"if","locations":[{"start":{"line":20,"column":4},"end":{"line":23,"column":5}},{"start":{},"end":{}}],"line":20},"2":{"loc":{"start":{"line":60,"column":2},"end":{"line":86,"column":3}},"type":"if","locations":[{"start":{"line":60,"column":2},"end":{"line":86,"column":3}},{"start":{},"end":{}}],"line":60},"3":{"loc":{"start":{"line":60,"column":6},"end":{"line":60,"column":52}},"type":"binary-expr","locations":[{"start":{"line":60,"column":6},"end":{"line":60,"column":16}},{"start":{"line":60,"column":20},"end":{"line":60,"column":52}}],"line":60},"4":{"loc":{"start":{"line":63,"column":4},"end":{"line":65,"column":5}},"type":"if","locations":[{"start":{"line":63,"column":4},"end":{"line":65,"column":5}},{"start":{},"end":{}}],"line":63},"5":{"loc":{"start":{"line":68,"column":4},"end":{"line":84,"column":5}},"type":"if","locations":[{"start":{"line":68,"column":4},"end":{"line":84,"column":5}},{"start":{"line":75,"column":11},"end":{"line":84,"column":5}}],"line":68},"6":{"loc":{"start":{"line":69,"column":6},"end":{"line":72,"column":7}},"type":"if","locations":[{"start":{"line":69,"column":6},"end":{"line":72,"column":7}},{"start":{},"end":{}}],"line":69},"7":{"loc":{"start":{"line":81,"column":21},"end":{"line":81,"column":46}},"type":"binary-expr","locations":[{"start":{"line":81,"column":21},"end":{"line":81,"column":40}},{"start":{"line":81,"column":44},"end":{"line":81,"column":46}}],"line":81},"8":{"loc":{"start":{"line":90,"column":2},"end":{"line":92,"column":3}},"type":"if","locations":[{"start":{"line":90,"column":2},"end":{"line":92,"column":3}},{"start":{},"end":{}}],"line":90},"9":{"loc":{"start":{"line":90,"column":6},"end":{"line":90,"column":44}},"type":"binary-expr","locations":[{"start":{"line":90,"column":6},"end":{"line":90,"column":16}},{"start":{"line":90,"column":20},"end":{"line":90,"column":44}}],"line":90},"10":{"loc":{"start":{"line":95,"column":2},"end":{"line":98,"column":3}},"type":"if","locations":[{"start":{"line":95,"column":2},"end":{"line":98,"column":3}},{"start":{},"end":{}}],"line":95},"11":{"loc":{"start":{"line":107,"column":2},"end":{"line":109,"column":3}},"type":"if","locations":[{"start":{"line":107,"column":2},"end":{"line":109,"column":3}},{"start":{},"end":{}}],"line":107},"12":{"loc":{"start":{"line":107,"column":6},"end":{"line":107,"column":53}},"type":"binary-expr","locations":[{"start":{"line":107,"column":6},"end":{"line":107,"column":18}},{"start":{"line":107,"column":22},"end":{"line":107,"column":53}}],"line":107},"13":{"loc":{"start":{"line":115,"column":2},"end":{"line":117,"column":3}},"type":"if","locations":[{"start":{"line":115,"column":2},"end":{"line":117,"column":3}},{"start":{},"end":{}}],"line":115},"14":{"loc":{"start":{"line":115,"column":6},"end":{"line":115,"column":73}},"type":"binary-expr","locations":[{"start":{"line":115,"column":6},"end":{"line":115,"column":18}},{"start":{"line":115,"column":22},"end":{"line":115,"column":73}}],"line":115},"15":{"loc":{"start":{"line":124,"column":4},"end":{"line":124,"column":77}},"type":"if","locations":[{"start":{"line":124,"column":4},"end":{"line":124,"column":77}},{"start":{},"end":{}}],"line":124},"16":{"loc":{"start":{"line":127,"column":4},"end":{"line":129,"column":5}},"type":"if","locations":[{"start":{"line":127,"column":4},"end":{"line":129,"column":5}},{"start":{},"end":{}}],"line":127},"17":{"loc":{"start":{"line":127,"column":8},"end":{"line":127,"column":83}},"type":"binary-expr","locations":[{"start":{"line":127,"column":8},"end":{"line":127,"column":31}},{"start":{"line":127,"column":35},"end":{"line":127,"column":83}}],"line":127},"18":{"loc":{"start":{"line":139,"column":4},"end":{"line":141,"column":5}},"type":"if","locations":[{"start":{"line":139,"column":4},"end":{"line":141,"column":5}},{"start":{},"end":{}}],"line":139}},"s":{"0":3,"1":3,"2":3,"3":3,"4":3,"5":0,"6":0,"7":0,"8":0,"9":0,"10":80,"11":80,"12":5,"13":5,"14":5,"15":56,"16":56,"17":2,"18":2,"19":2,"20":2,"21":0,"22":0,"23":0,"24":0,"25":0,"26":0,"27":0,"28":0,"29":0,"30":54,"31":54,"32":7,"33":47,"34":47,"35":0,"36":0,"37":47,"38":47,"39":47,"40":3,"41":1,"42":2,"43":0,"44":0,"45":0,"46":18,"47":43,"48":0,"49":43,"50":40,"51":3,"52":3,"53":6,"54":3,"55":3,"56":0},"f":{"0":0,"1":80,"2":80,"3":5,"4":56,"5":3,"6":0,"7":18,"8":43,"9":6},"b":{"0":[3,0],"1":[0,0],"2":[2,54],"3":[56,2],"4":[2,0],"5":[0,0],"6":[0,0],"7":[0,0],"8":[7,47],"9":[54,51],"10":[0,47],"11":[1,2],"12":[3,3],"13":[0,0],"14":[0,0],"15":[0,43],"16":[40,3],"17":[43,43],"18":[3,0]},"inputSourceMap":null,"_coverageSchema":"1a1c01bbd47fc00a2c39e90264f33305004495a9","hash":"2ce7225f86a69c55f3e6c6ac79efbec5c1bbe86e"}
,"/Users/larisadragea/Downloads/wellsync_work-3/backend/src/middleware/logger.js": {"path":"/Users/larisadragea/Downloads/wellsync_work-3/backend/src/middleware/logger.js","statementMap":{"0":{"start":{"line":6,"column":30},"end":{"line":10,"column":1}},"1":{"start":{"line":13,"column":23},"end":{"line":13,"column":32}},"2":{"start":{"line":16,"column":20},"end":{"line":16,"column":49}},"3":{"start":{"line":17,"column":2},"end":{"line":17,"column":31}},"4":{"start":{"line":17,"column":18},"end":{"line":17,"column":31}},"5":{"start":{"line":19,"column":14},"end":{"line":19,"column":35}},"6":{"start":{"line":20,"column":14},"end":{"line":20,"column":24}},"7":{"start":{"line":21,"column":21},"end":{"line":21,"column":94}},"8":{"start":{"line":21,"column":65},"end":{"line":21,"column":93}},"9":{"start":{"line":22,"column":2},"end":{"line":22,"column":23}},"10":{"start":{"line":23,"column":2},"end":{"line":23,"column":38}},"11":{"start":{"line":25,"column":2},"end":{"line":25,"column":46}},"12":{"start":{"line":30,"column":18},"end":{"line":30,"column":29}},"13":{"start":{"line":31,"column":18},"end":{"line":31,"column":41}},"14":{"start":{"line":32,"column":18},"end":{"line":32,"column":49}},"15":{"start":{"line":33,"column":18},"end":{"line":33,"column":70}},"16":{"start":{"line":35,"column":21},"end":{"line":35,"column":26}},"17":{"start":{"line":38,"column":2},"end":{"line":56,"column":3}},"18":{"start":{"line":39,"column":4},"end":{"line":39,"column":49}},"19":{"start":{"line":41,"column":4},"end":{"line":55,"column":5}},"20":{"start":{"line":42,"column":21},"end":{"line":42,"column":57}},"21":{"start":{"line":44,"column":6},"end":{"line":54,"column":56}},"22":{"start":{"line":45,"column":8},"end":{"line":53,"column":11}},"23":{"start":{"line":59,"column":2},"end":{"line":68,"column":71}},"24":{"start":{"line":68,"column":18},"end":{"line":68,"column":69}},"25":{"start":{"line":73,"column":2},"end":{"line":85,"column":4}},"26":{"start":{"line":74,"column":4},"end":{"line":83,"column":7}},"27":{"start":{"line":75,"column":6},"end":{"line":82,"column":7}},"28":{"start":{"line":76,"column":8},"end":{"line":81,"column":11}},"29":{"start":{"line":84,"column":4},"end":{"line":84,"column":11}}},"fnMap":{"0":{"name":"isRateLimited","decl":{"start":{"line":15,"column":9},"end":{"line":15,"column":22}},"loc":{"start":{"line":15,"column":39},"end":{"line":26,"column":1}},"line":15},"1":{"name":"(anonymous_1)","decl":{"start":{"line":21,"column":60},"end":{"line":21,"column":61}},"loc":{"start":{"line":21,"column":65},"end":{"line":21,"column":93}},"line":21},"2":{"name":"logAction","decl":{"start":{"line":29,"column":22},"end":{"line":29,"column":31}},"loc":{"start":{"line":29,"column":64},"end":{"line":69,"column":1}},"line":29},"3":{"name":"(anonymous_3)","decl":{"start":{"line":68,"column":11},"end":{"line":68,"column":12}},"loc":{"start":{"line":68,"column":18},"end":{"line":68,"column":69}},"line":68},"4":{"name":"autoLog","decl":{"start":{"line":72,"column":16},"end":{"line":72,"column":23}},"loc":{"start":{"line":72,"column":32},"end":{"line":86,"column":1}},"line":72},"5":{"name":"(anonymous_5)","decl":{"start":{"line":73,"column":9},"end":{"line":73,"column":10}},"loc":{"start":{"line":73,"column":35},"end":{"line":85,"column":3}},"line":73},"6":{"name":"(anonymous_6)","decl":{"start":{"line":74,"column":21},"end":{"line":74,"column":22}},"loc":{"start":{"line":74,"column":27},"end":{"line":83,"column":5}},"line":74}},"branchMap":{"0":{"loc":{"start":{"line":17,"column":2},"end":{"line":17,"column":31}},"type":"if","locations":[{"start":{"line":17,"column":2},"end":{"line":17,"column":31}},{"start":{},"end":{}}],"line":17},"1":{"loc":{"start":{"line":21,"column":22},"end":{"line":21,"column":51}},"type":"binary-expr","locations":[{"start":{"line":21,"column":22},"end":{"line":21,"column":45}},{"start":{"line":21,"column":49},"end":{"line":21,"column":51}}],"line":21},"2":{"loc":{"start":{"line":29,"column":45},"end":{"line":29,"column":62}},"type":"default-arg","locations":[{"start":{"line":29,"column":58},"end":{"line":29,"column":62}}],"line":29},"3":{"loc":{"start":{"line":31,"column":18},"end":{"line":31,"column":41}},"type":"binary-expr","locations":[{"start":{"line":31,"column":18},"end":{"line":31,"column":33}},{"start":{"line":31,"column":37},"end":{"line":31,"column":41}}],"line":31},"4":{"loc":{"start":{"line":32,"column":18},"end":{"line":32,"column":49}},"type":"binary-expr","locations":[{"start":{"line":32,"column":18},"end":{"line":32,"column":34}},{"start":{"line":32,"column":38},"end":{"line":32,"column":49}}],"line":32},"5":{"loc":{"start":{"line":33,"column":18},"end":{"line":33,"column":70}},"type":"binary-expr","locations":[{"start":{"line":33,"column":18},"end":{"line":33,"column":24}},{"start":{"line":33,"column":28},"end":{"line":33,"column":57}},{"start":{"line":33,"column":61},"end":{"line":33,"column":70}}],"line":33},"6":{"loc":{"start":{"line":38,"column":2},"end":{"line":56,"column":3}},"type":"if","locations":[{"start":{"line":38,"column":2},"end":{"line":56,"column":3}},{"start":{},"end":{}}],"line":38},"7":{"loc":{"start":{"line":38,"column":6},"end":{"line":38,"column":45}},"type":"binary-expr","locations":[{"start":{"line":38,"column":6},"end":{"line":38,"column":12}},{"start":{"line":38,"column":16},"end":{"line":38,"column":45}}],"line":38},"8":{"loc":{"start":{"line":41,"column":4},"end":{"line":55,"column":5}},"type":"if","locations":[{"start":{"line":41,"column":4},"end":{"line":55,"column":5}},{"start":{},"end":{}}],"line":41},"9":{"loc":{"start":{"line":50,"column":20},"end":{"line":50,"column":47}},"type":"binary-expr","locations":[{"start":{"line":50,"column":20},"end":{"line":50,"column":34}},{"start":{"line":50,"column":38},"end":{"line":50,"column":47}}],"line":50},"10":{"loc":{"start":{"line":64,"column":18},"end":{"line":64,"column":64}},"type":"cond-expr","locations":[{"start":{"line":64,"column":31},"end":{"line":64,"column":57}},{"start":{"line":64,"column":60},"end":{"line":64,"column":64}}],"line":64},"11":{"loc":{"start":{"line":75,"column":6},"end":{"line":82,"column":7}},"type":"if","locations":[{"start":{"line":75,"column":6},"end":{"line":82,"column":7}},{"start":{},"end":{}}],"line":75}},"s":{"0":3,"1":3,"2":19,"3":19,"4":0,"5":19,"6":19,"7":19,"8":137,"9":19,"10":19,"11":19,"12":120,"13":120,"14":120,"15":120,"16":120,"17":120,"18":19,"19":19,"20":0,"21":0,"22":0,"23":120,"24":0,"25":15,"26":30,"27":30,"28":30,"29":30},"f":{"0":19,"1":137,"2":120,"3":0,"4":15,"5":30,"6":30},"b":{"0":[0,19],"1":[19,2],"2":[0],"3":[120,10],"4":[120,10],"5":[120,0,0],"6":[19,101],"7":[120,110],"8":[0,19],"9":[0,0],"10":[120,0],"11":[30,0]},"inputSourceMap":null,"_coverageSchema":"1a1c01bbd47fc00a2c39e90264f33305004495a9","hash":"d3355cc0a853455c153f075eccce16d32c55213e"}
,"/Users/larisadragea/Downloads/wellsync_work-3/backend/src/routes/authRoutes.js": {"path":"/Users/larisadragea/Downloads/wellsync_work-3/backend/src/routes/authRoutes.js","statementMap":{"0":{"start":{"line":13,"column":15},"end":{"line":13,"column":23}},"1":{"start":{"line":16,"column":0},"end":{"line":21,"column":2}},"2":{"start":{"line":23,"column":0},"end":{"line":23,"column":31}},"3":{"start":{"line":25,"column":0},"end":{"line":32,"column":2}},"4":{"start":{"line":34,"column":0},"end":{"line":34,"column":35}},"5":{"start":{"line":36,"column":0},"end":{"line":36,"column":38}},"6":{"start":{"line":39,"column":0},"end":{"line":43,"column":2}},"7":{"start":{"line":45,"column":0},"end":{"line":50,"column":2}},"8":{"start":{"line":53,"column":0},"end":{"line":53,"column":48}},"9":{"start":{"line":54,"column":0},"end":{"line":54,"column":51}}},"fnMap":{},"branchMap":{},"s":{"0":3,"1":3,"2":3,"3":3,"4":3,"5":3,"6":3,"7":3,"8":3,"9":3},"f":{},"b":{},"inputSourceMap":null,"_coverageSchema":"1a1c01bbd47fc00a2c39e90264f33305004495a9","hash":"c58809080c82b75cf1bf58d327deff26fa59e44c"}
,"/Users/larisadragea/Downloads/wellsync_work-3/backend/src/routes/logsRoutes.js": {"path":"/Users/larisadragea/Downloads/wellsync_work-3/backend/src/routes/logsRoutes.js","statementMap":{"0":{"start":{"line":6,"column":15},"end":{"line":6,"column":23}},"1":{"start":{"line":9,"column":0},"end":{"line":9,"column":38}},"2":{"start":{"line":11,"column":0},"end":{"line":11,"column":54}},"3":{"start":{"line":12,"column":0},"end":{"line":12,"column":64}},"4":{"start":{"line":13,"column":0},"end":{"line":13,"column":67}}},"fnMap":{},"branchMap":{},"s":{"0":3,"1":3,"2":3,"3":3,"4":3},"f":{},"b":{},"inputSourceMap":null,"_coverageSchema":"1a1c01bbd47fc00a2c39e90264f33305004495a9","hash":"11a5933197f8bbb46c996c11965a60a124bf80b3"}
,"/Users/larisadragea/Downloads/wellsync_work-3/backend/src/routes/resourceRoutes.js": {"path":"/Users/larisadragea/Downloads/wellsync_work-3/backend/src/routes/resourceRoutes.js","statementMap":{"0":{"start":{"line":13,"column":15},"end":{"line":13,"column":23}},"1":{"start":{"line":16,"column":0},"end":{"line":16,"column":24}},"2":{"start":{"line":19,"column":0},"end":{"line":19,"column":64}},"3":{"start":{"line":22,"column":0},"end":{"line":27,"column":2}},"4":{"start":{"line":29,"column":0},"end":{"line":34,"column":2}},"5":{"start":{"line":36,"column":0},"end":{"line":41,"column":2}},"6":{"start":{"line":43,"column":0},"end":{"line":49,"column":2}},"7":{"start":{"line":51,"column":0},"end":{"line":56,"column":2}}},"fnMap":{},"branchMap":{},"s":{"0":3,"1":3,"2":3,"3":3,"4":3,"5":3,"6":3,"7":3},"f":{},"b":{},"inputSourceMap":null,"_coverageSchema":"1a1c01bbd47fc00a2c39e90264f33305004495a9","hash":"751c8180cc540588d0a1b093cf0cf02ef93883cb"}
,"/Users/larisadragea/Downloads/wellsync_work-3/backend/src/validators/resourceValidator.js": {"path":"/Users/larisadragea/Downloads/wellsync_work-3/backend/src/validators/resourceValidator.js","statementMap":{"0":{"start":{"line":6,"column":17},"end":{"line":6,"column":38}},"1":{"start":{"line":7,"column":2},"end":{"line":12,"column":3}},"2":{"start":{"line":8,"column":4},"end":{"line":11,"column":7}},"3":{"start":{"line":10,"column":40},"end":{"line":10,"column":73}},"4":{"start":{"line":13,"column":2},"end":{"line":13,"column":9}},"5":{"start":{"line":17,"column":36},"end":{"line":53,"column":1}},"6":{"start":{"line":56,"column":34},"end":{"line":86,"column":1}},"7":{"start":{"line":89,"column":26},"end":{"line":93,"column":1}}},"fnMap":{"0":{"name":"handleValidation","decl":{"start":{"line":5,"column":16},"end":{"line":5,"column":32}},"loc":{"start":{"line":5,"column":49},"end":{"line":14,"column":1}},"line":5},"1":{"name":"(anonymous_1)","decl":{"start":{"line":10,"column":34},"end":{"line":10,"column":35}},"loc":{"start":{"line":10,"column":40},"end":{"line":10,"column":73}},"line":10}},"branchMap":{"0":{"loc":{"start":{"line":7,"column":2},"end":{"line":12,"column":3}},"type":"if","locations":[{"start":{"line":7,"column":2},"end":{"line":12,"column":3}},{"start":{},"end":{}}],"line":7}},"s":{"0":139,"1":139,"2":12,"3":13,"4":127,"5":3,"6":3,"7":3},"f":{"0":139,"1":13},"b":{"0":[12,127]},"inputSourceMap":null,"_coverageSchema":"1a1c01bbd47fc00a2c39e90264f33305004495a9","hash":"863387ee7ba9659d8bd6250ba7e0013c93bec9ab"}
}
