TN:
SF:src/db.js
FNF:0
FNH:0
DA:4,3
LF:1
LH:1
BRF:0
BRH:0
end_of_record
TN:
SF:src/index.js
FN:59,(anonymous_0)
FN:60,(anonymous_1)
FN:71,(anonymous_2)
FN:79,(anonymous_3)
FN:83,(anonymous_4)
FN:93,(anonymous_5)
FN:107,(anonymous_6)
FN:124,(anonymous_7)
FN:142,(anonymous_8)
FN:152,(anonymous_9)
FNF:10
FNH:2
FNDA:0,(anonymous_0)
FNDA:0,(anonymous_1)
FNDA:1,(anonymous_2)
FNDA:0,(anonymous_3)
FNDA:0,(anonymous_4)
FNDA:0,(anonymous_5)
FNDA:0,(anonymous_6)
FNDA:0,(anonymous_7)
FNDA:0,(anonymous_8)
FNDA:1,(anonymous_9)
DA:16,3
DA:18,3
DA:19,3
DA:22,3
DA:23,3
DA:24,3
DA:27,3
DA:29,3
DA:30,3
DA:31,3
DA:35,3
DA:36,3
DA:37,3
DA:39,0
DA:40,0
DA:43,0
DA:44,0
DA:45,0
DA:49,3
DA:58,3
DA:59,0
DA:60,0
DA:63,3
DA:68,3
DA:71,3
DA:72,1
DA:75,3
DA:76,3
DA:77,3
DA:79,3
DA:80,0
DA:83,3
DA:84,0
DA:85,0
DA:89,3
DA:93,3
DA:94,0
DA:95,0
DA:96,0
DA:97,0
DA:98,0
DA:100,0
DA:102,0
DA:103,0
DA:107,0
DA:116,0
DA:119,0
DA:124,0
DA:125,0
DA:126,0
DA:134,0
DA:135,0
DA:137,0
DA:139,0
DA:142,0
DA:143,0
DA:144,0
DA:152,3
DA:153,1
DA:154,1
DA:155,1
DA:156,1
DA:157,1
DA:158,1
LF:64
LH:33
BRDA:19,0,0,3
BRDA:19,0,1,0
BRDA:29,1,0,3
BRDA:29,1,1,0
BRDA:29,2,0,3
BRDA:29,2,1,3
BRDA:97,3,0,0
BRDA:97,3,1,0
BRDA:97,3,2,0
BRDA:97,3,3,0
BRDA:98,4,0,0
BRDA:98,4,1,0
BRDA:98,4,2,0
BRDA:125,5,0,0
BRDA:125,5,1,0
BRDA:125,6,0,0
BRDA:125,6,1,0
BRDA:125,6,2,0
BRDA:128,7,0,0
BRDA:128,7,1,0
BRF:20
BRH:4
end_of_record
TN:
SF:src/controllers/authController.js
FN:12,hashPassword
FN:17,login
FN:48,(anonymous_2)
FN:78,logout
FN:88,register
FN:127,me
FN:134,forgotPassword
FN:193,resetPassword
FN:230,googleAuthStart
FN:246,googleAuthCallback
FN:322,(anonymous_10)
FN:342,refreshToken
FNF:12
FNH:8
FNDA:84,hashPassword
FNDA:89,login
FNDA:400,(anonymous_2)
FNDA:1,logout
FNDA:3,register
FNDA:1,me
FNDA:2,forgotPassword
FNDA:1,resetPassword
FNDA:0,googleAuthStart
FNDA:0,googleAuthCallback
FNDA:0,(anonymous_10)
FNDA:0,refreshToken
DA:10,3
DA:13,84
DA:18,89
DA:19,89
DA:21,89
DA:29,89
DA:30,8
DA:31,8
DA:34,81
DA:35,81
DA:36,1
DA:37,1
DA:40,80
DA:41,80
DA:48,400
DA:51,80
DA:54,80
DA:56,80
DA:57,80
DA:59,80
DA:72,0
DA:73,0
DA:79,1
DA:80,1
DA:81,1
DA:82,1
DA:84,1
DA:89,3
DA:90,3
DA:92,3
DA:93,3
DA:95,3
DA:96,3
DA:100,3
DA:111,0
DA:113,0
DA:121,3
DA:122,3
DA:128,1
DA:135,2
DA:136,2
DA:137,2
DA:140,2
DA:141,2
DA:145,0
DA:151,0
DA:152,0
DA:154,0
DA:158,0
DA:162,0
DA:164,0
DA:165,0
DA:166,0
DA:171,0
DA:177,0
DA:181,0
DA:187,0
DA:188,0
DA:194,1
DA:195,1
DA:196,1
DA:197,0
DA:200,1
DA:201,1
DA:202,1
DA:205,0
DA:210,0
DA:216,0
DA:217,0
DA:220,0
DA:221,0
DA:223,0
DA:224,0
DA:231,0
DA:232,0
DA:234,0
DA:235,0
DA:238,0
DA:239,0
DA:240,0
DA:242,0
DA:247,0
DA:248,0
DA:249,0
DA:250,0
DA:251,0
DA:252,0
DA:254,0
DA:255,0
DA:259,0
DA:264,0
DA:265,0
DA:266,0
DA:270,0
DA:273,0
DA:274,0
DA:277,0
DA:282,0
DA:283,0
DA:289,0
DA:290,0
DA:292,0
DA:293,0
DA:298,0
DA:304,0
DA:309,0
DA:310,0
DA:314,0
DA:315,0
DA:322,0
DA:326,0
DA:327,0
DA:329,0
DA:332,0
DA:334,0
DA:335,0
DA:336,0
DA:343,0
DA:344,0
DA:345,0
DA:346,0
DA:349,0
DA:350,0
DA:351,0
DA:352,0
DA:355,0
DA:356,0
DA:357,0
DA:359,0
DA:360,0
LF:130
LH:46
BRDA:10,0,0,3
BRDA:10,0,1,0
BRDA:29,1,0,8
BRDA:29,1,1,81
BRDA:29,2,0,89
BRDA:29,2,1,81
BRDA:35,3,0,1
BRDA:35,3,1,80
BRDA:47,4,0,80
BRDA:47,4,1,0
BRDA:67,5,0,80
BRDA:67,5,1,0
BRDA:80,6,0,1
BRDA:80,6,1,0
BRDA:93,7,0,0
BRDA:93,7,1,3
BRDA:96,8,0,1
BRDA:96,8,1,2
BRDA:106,9,0,0
BRDA:106,9,1,0
BRDA:118,10,0,0
BRDA:118,10,1,0
BRDA:140,11,0,2
BRDA:140,11,1,0
BRDA:162,12,0,0
BRDA:162,12,1,0
BRDA:164,13,0,0
BRDA:164,13,1,0
BRDA:168,14,0,0
BRDA:168,14,1,0
BRDA:172,15,0,0
BRDA:172,15,1,0
BRDA:196,16,0,0
BRDA:196,16,1,1
BRDA:196,17,0,1
BRDA:196,17,1,1
BRDA:196,17,2,1
BRDA:201,18,0,1
BRDA:201,18,1,0
BRDA:201,19,0,1
BRDA:201,19,1,0
BRDA:201,19,2,0
BRDA:217,20,0,0
BRDA:217,20,1,0
BRDA:232,21,0,0
BRDA:232,21,1,0
BRDA:234,22,0,0
BRDA:234,22,1,0
BRDA:251,23,0,0
BRDA:251,23,1,0
BRDA:252,24,0,0
BRDA:252,24,1,0
BRDA:254,25,0,0
BRDA:254,25,1,0
BRDA:254,26,0,0
BRDA:254,26,1,0
BRDA:265,27,0,0
BRDA:265,27,1,0
BRDA:282,28,0,0
BRDA:282,28,1,0
BRDA:292,29,0,0
BRDA:292,29,1,0
BRDA:299,30,0,0
BRDA:299,30,1,0
BRDA:309,31,0,0
BRDA:309,31,1,0
BRDA:309,32,0,0
BRDA:309,32,1,0
BRDA:321,33,0,0
BRDA:321,33,1,0
BRDA:335,34,0,0
BRDA:335,34,1,0
BRDA:344,35,0,0
BRDA:344,35,1,0
BRDA:345,36,0,0
BRDA:345,36,1,0
BRDA:345,37,0,0
BRDA:345,37,1,0
BRDA:350,38,0,0
BRDA:350,38,1,0
BRF:80
BRH:20
end_of_record
TN:
SF:src/controllers/logsController.js
FN:6,getLogs
FN:31,(anonymous_1)
FN:55,getSuspiciousUsers
FN:69,resolveSuspiciousUser
FNF:4
FNH:3
FNDA:1,getLogs
FNDA:3,(anonymous_1)
FNDA:1,getSuspiciousUsers
FNDA:0,resolveSuspiciousUser
DA:7,1
DA:8,1
DA:9,1
DA:10,1
DA:11,1
DA:12,1
DA:14,1
DA:15,1
DA:16,1
DA:17,1
DA:19,1
DA:30,1
DA:31,3
DA:49,0
DA:50,0
DA:56,1
DA:57,1
DA:61,1
DA:63,0
DA:64,0
DA:70,0
DA:71,0
DA:72,0
DA:76,0
DA:78,0
DA:79,0
DA:80,0
LF:27
LH:16
BRDA:8,0,0,1
BRDA:8,0,1,1
BRDA:9,1,0,1
BRDA:9,1,1,1
BRDA:10,2,0,0
BRDA:10,2,1,1
BRDA:12,3,0,0
BRDA:12,3,1,1
BRDA:15,4,0,0
BRDA:15,4,1,1
BRDA:16,5,0,0
BRDA:16,5,1,1
BRDA:17,6,0,0
BRDA:17,6,1,1
BRDA:34,7,0,3
BRDA:34,7,1,0
BRDA:35,8,0,3
BRDA:35,8,1,0
BRDA:38,9,0,3
BRDA:38,9,1,0
BRDA:78,10,0,0
BRDA:78,10,1,0
BRF:22
BRH:12
end_of_record
TN:
SF:src/controllers/resourceController.js
FN:11,formatResource
FN:25,resolveIds
FN:37,getResources
FN:93,getResourceById
FN:108,createResource
FN:137,updateResource
FN:171,deleteResource
FN:186,getStats
FN:214,(anonymous_8)
FN:217,(anonymous_9)
FN:223,(anonymous_10)
FN:228,(anonymous_11)
FNF:12
FNH:12
FNDA:27,formatResource
FNDA:18,resolveIds
FNDA:7,getResources
FNDA:2,getResourceById
FNDA:17,createResource
FNDA:2,updateResource
FNDA:2,deleteResource
FNDA:2,getStats
FNDA:10,(anonymous_8)
FNDA:8,(anonymous_9)
FNDA:2,(anonymous_10)
FNDA:2,(anonymous_11)
DA:5,3
DA:12,27
DA:26,18
DA:30,18
DA:31,18
DA:32,18
DA:38,7
DA:39,7
DA:40,7
DA:41,7
DA:42,7
DA:43,7
DA:44,7
DA:45,7
DA:48,7
DA:49,7
DA:50,7
DA:51,7
DA:52,1
DA:60,7
DA:61,7
DA:62,7
DA:64,7
DA:75,7
DA:87,0
DA:88,0
DA:94,2
DA:95,2
DA:99,2
DA:100,1
DA:102,0
DA:103,0
DA:109,17
DA:110,17
DA:111,17
DA:113,17
DA:126,17
DA:128,0
DA:129,0
DA:130,0
DA:132,0
DA:138,2
DA:139,2
DA:140,2
DA:141,2
DA:143,1
DA:144,1
DA:146,1
DA:160,1
DA:162,0
DA:163,0
DA:164,0
DA:166,0
DA:172,2
DA:173,2
DA:174,2
DA:175,2
DA:177,1
DA:178,1
DA:180,0
DA:181,0
DA:187,2
DA:188,2
DA:213,2
DA:214,10
DA:216,2
DA:217,8
DA:219,2
DA:223,2
DA:228,2
DA:235,0
DA:236,0
LF:72
LH:56
BRDA:20,0,0,27
BRDA:20,0,1,0
BRDA:30,1,0,0
BRDA:30,1,1,18
BRDA:31,2,0,0
BRDA:31,2,1,18
BRDA:39,3,0,7
BRDA:39,3,1,6
BRDA:40,4,0,7
BRDA:40,4,1,6
BRDA:44,5,0,7
BRDA:44,5,1,7
BRDA:45,6,0,7
BRDA:45,6,1,7
BRDA:49,7,0,1
BRDA:49,7,1,6
BRDA:50,8,0,1
BRDA:50,8,1,6
BRDA:51,9,0,1
BRDA:51,9,1,6
BRDA:60,10,0,0
BRDA:60,10,1,7
BRDA:61,11,0,0
BRDA:61,11,1,7
BRDA:99,12,0,1
BRDA:99,12,1,1
BRDA:118,13,0,17
BRDA:118,13,1,1
BRDA:119,14,0,0
BRDA:119,14,1,17
BRDA:129,15,0,0
BRDA:129,15,1,0
BRDA:141,16,0,1
BRDA:141,16,1,1
BRDA:152,17,0,1
BRDA:152,17,1,1
BRDA:153,18,0,0
BRDA:153,18,1,1
BRDA:163,19,0,0
BRDA:163,19,1,0
BRDA:175,20,0,1
BRDA:175,20,1,1
BRDA:221,21,0,2
BRDA:221,21,1,1
BRDA:222,22,0,2
BRDA:222,22,1,1
BRF:46
BRH:35
end_of_record
TN:
SF:src/middleware/auth.js
FN:17,(anonymous_0)
FN:28,generateSessionId
FN:33,generateJWT
FN:48,verifyJWT
FN:57,requireAuth
FN:106,requireAdmin
FN:114,requireManager
FN:122,requirePermission
FN:123,(anonymous_8)
FN:137,(anonymous_9)
FNF:10
FNH:8
FNDA:0,(anonymous_0)
FNDA:80,generateSessionId
FNDA:80,generateJWT
FNDA:5,verifyJWT
FNDA:56,requireAuth
FNDA:3,requireAdmin
FNDA:0,requireManager
FNDA:18,requirePermission
FNDA:43,(anonymous_8)
FNDA:6,(anonymous_9)
DA:9,3
DA:10,3
DA:11,3
DA:14,3
DA:17,3
DA:18,0
DA:19,0
DA:20,0
DA:21,0
DA:22,0
DA:29,80
DA:34,80
DA:49,5
DA:50,5
DA:52,5
DA:59,56
DA:60,56
DA:61,2
DA:62,2
DA:63,2
DA:64,2
DA:67,0
DA:68,0
DA:69,0
DA:70,0
DA:71,0
DA:73,0
DA:74,0
DA:77,0
DA:85,0
DA:89,54
DA:90,54
DA:91,7
DA:94,47
DA:95,47
DA:96,0
DA:97,0
DA:100,47
DA:101,47
DA:102,47
DA:107,3
DA:108,1
DA:110,2
DA:115,0
DA:116,0
DA:118,0
DA:123,18
DA:124,43
DA:127,43
DA:128,40
DA:132,3
DA:136,3
DA:137,6
DA:139,3
DA:140,3
DA:142,0
LF:56
LH:36
BRDA:10,0,0,3
BRDA:10,0,1,0
BRDA:20,1,0,0
BRDA:20,1,1,0
BRDA:60,2,0,2
BRDA:60,2,1,54
BRDA:60,3,0,56
BRDA:60,3,1,2
BRDA:63,4,0,2
BRDA:63,4,1,0
BRDA:68,5,0,0
BRDA:68,5,1,0
BRDA:69,6,0,0
BRDA:69,6,1,0
BRDA:81,7,0,0
BRDA:81,7,1,0
BRDA:90,8,0,7
BRDA:90,8,1,47
BRDA:90,9,0,54
BRDA:90,9,1,51
BRDA:95,10,0,0
BRDA:95,10,1,47
BRDA:107,11,0,1
BRDA:107,11,1,2
BRDA:107,12,0,3
BRDA:107,12,1,3
BRDA:115,13,0,0
BRDA:115,13,1,0
BRDA:115,14,0,0
BRDA:115,14,1,0
BRDA:124,15,0,0
BRDA:124,15,1,43
BRDA:127,16,0,40
BRDA:127,16,1,3
BRDA:127,17,0,43
BRDA:127,17,1,43
BRDA:139,18,0,3
BRDA:139,18,1,0
BRF:38
BRH:21
end_of_record
TN:
SF:src/middleware/logger.js
FN:15,isRateLimited
FN:21,(anonymous_1)
FN:29,logAction
FN:68,(anonymous_3)
FN:72,autoLog
FN:73,(anonymous_5)
FN:74,(anonymous_6)
FNF:7
FNH:6
FNDA:19,isRateLimited
FNDA:137,(anonymous_1)
FNDA:120,logAction
FNDA:0,(anonymous_3)
FNDA:15,autoLog
FNDA:30,(anonymous_5)
FNDA:30,(anonymous_6)
DA:6,3
DA:13,3
DA:16,19
DA:17,19
DA:19,19
DA:20,19
DA:21,137
DA:22,19
DA:23,19
DA:25,19
DA:30,120
DA:31,120
DA:32,120
DA:33,120
DA:35,120
DA:38,120
DA:39,19
DA:41,19
DA:42,0
DA:44,0
DA:45,0
DA:59,120
DA:68,0
DA:73,15
DA:74,30
DA:75,30
DA:76,30
DA:84,30
LF:28
LH:24
BRDA:17,0,0,0
BRDA:17,0,1,19
BRDA:21,1,0,19
BRDA:21,1,1,2
BRDA:29,2,0,0
BRDA:31,3,0,120
BRDA:31,3,1,10
BRDA:32,4,0,120
BRDA:32,4,1,10
BRDA:33,5,0,120
BRDA:33,5,1,0
BRDA:33,5,2,0
BRDA:38,6,0,19
BRDA:38,6,1,101
BRDA:38,7,0,120
BRDA:38,7,1,110
BRDA:41,8,0,0
BRDA:41,8,1,19
BRDA:50,9,0,0
BRDA:50,9,1,0
BRDA:64,10,0,120
BRDA:64,10,1,0
BRDA:75,11,0,30
BRDA:75,11,1,0
BRF:24
BRH:15
end_of_record
TN:
SF:src/routes/authRoutes.js
FNF:0
FNH:0
DA:13,3
DA:16,3
DA:23,3
DA:25,3
DA:34,3
DA:36,3
DA:39,3
DA:45,3
DA:53,3
DA:54,3
LF:10
LH:10
BRF:0
BRH:0
end_of_record
TN:
SF:src/routes/logsRoutes.js
FNF:0
FNH:0
DA:6,3
DA:9,3
DA:11,3
DA:12,3
DA:13,3
LF:5
LH:5
BRF:0
BRH:0
end_of_record
TN:
SF:src/routes/resourceRoutes.js
FNF:0
FNH:0
DA:13,3
DA:16,3
DA:19,3
DA:22,3
DA:29,3
DA:36,3
DA:43,3
DA:51,3
LF:8
LH:8
BRF:0
BRH:0
end_of_record
TN:
SF:src/validators/resourceValidator.js
FN:5,handleValidation
FN:10,(anonymous_1)
FNF:2
FNH:2
FNDA:139,handleValidation
FNDA:13,(anonymous_1)
DA:6,139
DA:7,139
DA:8,12
DA:10,13
DA:13,127
DA:17,3
DA:56,3
DA:89,3
LF:8
LH:8
BRDA:7,0,0,12
BRDA:7,0,1,127
BRF:2
BRH:2
end_of_record
